accessibility.onTableAnchorClick.Types:function
accessibility.pointDateFormatter.Types:function
accessibility.pointDescriptionFormatter.Types:function
accessibility.pointDescriptionThreshold.Types:boolean,number
accessibility.screenReaderSectionFormatter.Types:function
accessibility.seriesDescriptionFormatter.Types:function
annotations.labelOptions.align.Types:string
annotations.labelOptions.backgroundColor.Types:string
annotations.labelOptions.verticalAlign.Types:string
annotations.shapeOptions.fill.Types:string
annotations.shapes.points.Types:Array.<string>
chart.backgroundColor.Types:string
chart.events.addSeries.Types:function
chart.events.afterPrint.Types:function
chart.events.beforePrint.Types:function
chart.events.click.Types:function
chart.events.load.Types:function
chart.events.redraw.Types:function
chart.events.render.Types:function
chart.height.ReturnType:Number
chart.options3d.frame.back.ReturnType:Object
chart.options3d.frame.bottom.color.Types:string
chart.options3d.frame.front.ReturnType:Object
chart.options3d.frame.left.ReturnType:Object
chart.options3d.frame.right.ReturnType:Object
chart.options3d.frame.side.color.Types:string
chart.options3d.frame.top.ReturnType:Object
chart.resetZoomButton.position.Types:Object
chart.resetZoomButton.position.verticalAlign.Types:string
chart.resetZoomButton.relativeTo.Types:string
chart.resetZoomButton.theme.Types:Object
chart.type.Values:null,line,spline,column,bar,area,areaspline,pie,arearange,areasplinerange,boxplot,bubble,columnrange,errorbar,funnel,gauge,heatmap,polygon,pyramid,scatter,solidgauge,treemap,waterfall
colorAxis.dataClasses.color.Types:string
colorAxis.marker.color.Types:string
colorAxis.type.Types:string
credits.position.Types:Object
credits.position.align.Types:string
credits.position.verticalAlign.Types:string
drilldown.drillUpButton.position.Types:Object
drilldown.drillUpButton.position.align.Types:string
drilldown.drillUpButton.position.verticalAlign.Types:string
drilldown.drillUpButton.relativeTo.Types:string
exporting.buttons.contextButton.symbol.Types:string
exporting.type.Types:string
legend.align.Types:string
legend.bubbleLegend.labels.align.Types:string
legend.bubbleLegend.labels.formatter.Types:function
legend.bubbleLegend.ranges.value.ReturnType:number
legend.bubbleLegend.sizeBy.Types:string
legend.labelFormatter.ReturnType:function
legend.verticalAlign.Types:string
legend.width.Types:number
navigation.buttonOptions.symbolFill.Types:string
navigation.buttonOptions.theme.fill.Types:string
noData.position.Types:Object
noData.position.align.Types:string
noData.position.verticalAlign.Types:string
pane.background.shape.Types:string
plotOptions.area.fillColor.Types:string
plotOptions.area.negativeFillColor.Types:string
plotOptions.arearange.dataLabels.Types:Object
plotOptions.areaspline.ReturnType:Object
plotOptions.areasplinerange.ReturnType:Object
plotOptions.bar.Types:Object
plotOptions.boxplot.fillColor.Types:string
plotOptions.boxplot.stemDashStyle.Types:string
plotOptions.bubble.dataLabels.Types:Object
plotOptions.bubble.marker.symbol.Types:string
plotOptions.bubble.negativeColor.Types:string
plotOptions.bubble.sizeBy.Types:string
plotOptions.bullet.targetOptions.color.Types:string
plotOptions.column.colors.Types:Array.<string>
plotOptions.column.dataLabels.Types:Object
plotOptions.columnpyramid.ReturnType:Object
plotOptions.columnrange.dataLabels.ReturnType:Object
plotOptions.columnrange.states.hover.ReturnType:Object
plotOptions.cylinder.ReturnType:Object
plotOptions.errorbar.color.Types:string
plotOptions.funnel.dataLabels.Types:Object
plotOptions.funnel.states.hover.ReturnType:Object
plotOptions.funnel.states.select.color.Types:string
plotOptions.gauge.dataLabels.Types:Object
plotOptions.gauge.dial.backgroundColor.Types:string
plotOptions.gauge.pivot.backgroundColor.Types:string
plotOptions.heatmap.Exclude:animationLimit,connectEnds,connectNulls,dashStyle,findNearestPointBy,getExtremesFromAll,linecap,lineWidth,marker,pointInterval,pointIntervalUnit,pointRange,pointStart,shadow,softThreshold,stacking,step,threshold
plotOptions.heatmap.color.Types:string
plotOptions.heatmap.dataLabels.Types:Object
plotOptions.heatmap.nullColor.Types:string
plotOptions.line.linecap.Types:string
plotOptions.networkgraph.dataLabels.Types:Object
plotOptions.networkgraph.layoutAlgorithm.initialPositions.Types:String,function
plotOptions.networkgraph.link.dashStyle.Types:String
plotOptions.packedbubble.Exclude:connectEnds,connectNulls,keys,sizeByAbsoluteValue,step,zMax,zMin
plotOptions.pie.Exclude:animationLimit,boostThreshold,connectEnds,connectNulls,cropThreshold,dashStyle,findNearestPointBy,getExtremesFromAll,lineWidth,marker,negativeColor,pointInterval,pointIntervalUnit,pointPlacement,pointStart,softThreshold,stacking,step,threshold,turboThreshold,zoneAxis,zones,dataLabels
plotOptions.pie.colors.Types:Array.<string>
plotOptions.pie.dataLabels.Types:Object
plotOptions.pie.point.events.legendItemClick.Types:function
plotOptions.polygon.Exclude:softThreshold,threshold
plotOptions.sankey.Exclude:animationLimit,boostBlending,boostThreshold,borderRadius,crisp,cropThreshold,depth,edgeColor,edgeWidth,findNearestPointBy,grouping,groupPadding,groupZPadding,maxPointWidth,negativeColor,pointInterval,pointIntervalUnit,pointPadding,pointPlacement,pointRange,pointStart,pointWidth,shadow,softThreshold,stacking,threshold,zoneAxis,zones,minPointLength
plotOptions.sankey.dataLabels.Types:Object
plotOptions.sankey.tooltip.nodeFormatter.Types:function
plotOptions.series.cursor.Types:string
plotOptions.series.dashStyle.Types:string
plotOptions.series.dataLabels.Types:Object
plotOptions.series.dragDrop.dragHandle.color.Types:string
plotOptions.series.dragDrop.guideBox.default.color.Types:string
plotOptions.series.events.hide.Types:function
plotOptions.series.events.legendItemClick.Types:function
plotOptions.series.events.mouseOut.Types:function
plotOptions.series.events.mouseOver.Types:function
plotOptions.series.events.show.Types:function
plotOptions.series.linecap.Types:string
plotOptions.series.point.events.mouseOut.Types:function
plotOptions.series.point.events.mouseOver.Types:function
plotOptions.series.point.events.remove.Types:function
plotOptions.series.point.events.select.Types:function
plotOptions.series.point.events.unselect.Types:function
plotOptions.series.point.events.update.Types:function
plotOptions.series.states.hover.halo.Types:Object
plotOptions.series.states.hover.marker.ReturnType:Object
plotOptions.series.tooltip.ReturnType:Object
plotOptions.series.zones.color.Types:string
plotOptions.series.zones.dashStyle.Types:string
plotOptions.spline.ReturnType:Object
plotOptions.sunburst.dataLabels.Types:Object
plotOptions.sunburst.levels.color.Types:string
plotOptions.tilemap.Exclude:joinBy,shadow,allAreas,mapData,data
plotOptions.tilemap.tileShape.Types:string
plotOptions.treemap.Exclude:marker
plotOptions.treemap.colors.Types:Array.<string>
plotOptions.treemap.dataLabels.Types:Object
plotOptions.treemap.drillUpButton.position.align.Types:string
plotOptions.treemap.drillUpButton.position.verticalAlign.Types:string
plotOptions.treemap.levels.color.Types:string
plotOptions.variablepie.sizeBy.Types:string
plotOptions.vector.Exclude:boostThreshold,marker,connectEnds,connectNulls,cropThreshold,dashStyle,gapSize,gapUnit,dataGrouping,linecap,shadow,stacking,step
plotOptions.venn.Exclude:connectEnds,connectNulls,cropThreshold,findNearestPointBy,getExtremesFromAll,label,linecap,lineWidth,linkedTo,marker,negativeColor,pointInterval,pointIntervalUnit,pointPlacement,pointStart,softThreshold,stacking,steps,threshold,xAxis,yAxis,zoneAxis,zones
plotOptions.venn.dataLabels.Types:Object
plotOptions.waterfall.dashStyle.Types:string
plotOptions.waterfall.dataLabels.Types:Object
plotOptions.waterfall.upColor.Types:string,Highcharts.GradientColorObject
plotOptions.windbarb.Exclude:boostThreshold,marker,connectEnds,connectNulls,cropThreshold,dashStyle,gapSize,gapUnit,dataGrouping,linecap,shadow,stacking,step
plotOptions.xrange.dataLabels.Types:Object
series.area.data.Types:Array.<(number|Array.<(number|string), number>|*)>
series.arearange.dataLabels.ReturnType:Object
series.areaspline.data.Types:Array.<(number|Array.<(number|string), number>|*)>
series.bar.data.Types:Array.<(number|Array.<(number|string), number>|*)>
series.bar.states.hover.ReturnType:Object
series.bar.states.select.ReturnType:Object
series.bubble.marker.ReturnType:Object
series.bullet.data.targetOptions.ReturnType:Object
series.bullet.states.hover.ReturnType:Object
series.bullet.states.select.ReturnType:Object
series.column.Exclude:connectNulls,dataParser,dataURL,gapSize,gapUnit,linecap,lineWidth,marker,connectEnds,step
series.column.data.Types:Array.<(number|Array.<(number|string), number>|*)>
series.column.data.pointWidth.Types:Number
series.column.states.hover.ReturnType:Object
series.column.states.select.ReturnType:Object
series.columnpyramid.data.Types:Array.<(number|Array.<(number|string), number>|*)>
series.columnpyramid.states.hover.ReturnType:Object
series.columnpyramid.states.select.ReturnType:Object
series.columnrange.states.hover.ReturnType:Object
series.columnrange.states.select.ReturnType:Object
series.cylinder.data.Types:Array.<(number|Array.<(number|string), number>|*)>
series.funnel.data.Types:Array.<(number|*)>
series.gauge.data.Types:Array.<(number|*)>
series.heatmap.data.color.Types:string
series.line.data.Types:Array.<(number|Array.<(number|string), number>|*)>
series.line.data.dataLabels.Types:Object
series.line.data.dragDrop.ReturnType:Object
series.line.data.events.ReturnType:Object
series.line.data.marker.ReturnType:Object
series.line.data.y.Types:number
series.networkgraph.data.from.Types:String
series.networkgraph.data.to.Types:String
series.networkgraph.data.weight.Types:Number
series.packedbubble.data.Types:Array.<(number|*)>
series.packedbubble.marker.ReturnType:Object
series.pie.data.Types:Array.<(number|Array.<string, number>|*)>
series.pie.events.ReturnType:Object
series.polygon.data.Types:Array.<(number|Array.<(number|string), number>|*)>
series.pyramid.data.Types:Array.<(number|*)>
series.sankey.Exclude:animationLimit,boostThreshold,borderRadius,crisp,cropThreshold,dataParser,dataURL,depth,edgeColor,edgeWidth,findNearestPointBy,grouping,groupPadding,groupZPadding,maxPointWidth,negativeColor,pointInterval,pointIntervalUnit,pointPadding,pointPlacement,pointRange,pointStart,pointWidth,shadow,softThreshold,stacking,threshold,zoneAxis,zones
series.sankey.data.Exclude:drilldown,marker,x,y
series.sankey.data.color.Types:string
series.sankey.data.weight.Types:number
series.sankey.nodes.color.Types:string
series.sankey.nodes.offset.Types:number
series.scatter.data.Types:Array.<(number|Array.<(number|string), number>|*)>
series.solidgauge.data.Types:Array.<(number|*)>
series.spline.data.Types:Array.<(number|Array.<(number|string), number>|*)>
series.streamgraph.data.Types:Array.<(number|Array.<(number|string), number>|*)>
series.sunburst.data.Types:Array.<(number|*)>
series.sunburst.data.value.Types:number
series.tilemap.data.color.Types:string
series.treemap.data.Types:Array.<(number|*)>
series.treemap.data.value.Types:number
series.waterfall.data.Types:Array.<(number|Array.<(number|string), number>|*)>
series.xrange.data.partialFill.fill.Types:string
subtitle.align.Types:string
subtitle.verticalAlign.Types:string
title.align.Types:string
title.verticalAlign.Types:string
tooltip.formatter.Types:function
tooltip.pointFormatter.Types:function
tooltip.positioner.Types:function
tooltip.shape.Types:string
xAxis.crosshair.dashStyle.Types:string
xAxis.events.afterSetExtremes.Types:function
xAxis.gridLineDashStyle.Types:string
xAxis.labels.align.Types:string
xAxis.labels.autoRotation.Types:Array.<number>
xAxis.labels.overflow.Types:boolean,string
xAxis.max.Types:number
xAxis.min.Types:number
xAxis.minorGridLineDashStyle.Types:string
xAxis.plotBands.color.Types:string
xAxis.plotBands.events.ReturnType:Object
xAxis.plotBands.label.align.Types:string
xAxis.plotBands.label.textAlign.Types:string
xAxis.plotBands.label.verticalAlign.Types:string
xAxis.plotLines.dashStyle.Types:string
xAxis.plotLines.label.align.Types:string
xAxis.plotLines.label.textAlign.Types:string
xAxis.plotLines.label.verticalAlign.Types:string
xAxis.tickWidth.Types:number
xAxis.title.align.Types:string
xAxis.title.textAlign.Types:string
xAxis.type.Types:string
yAxis.labels.align.Types:string
yAxis.max.Types:number
yAxis.min.Types:number
yAxis.stackLabels.align.Types:string
yAxis.stackLabels.formatter.Types:function
yAxis.stackLabels.textAlign.Types:string
yAxis.stackLabels.verticalAlign.Types:string
yAxis.type.Types:string
chart.plotBackgroundColor.Types:string
chart.width.Types:number
plotOptions.columnrange.dataLabels.Types:Object
plotOptions.histogram.binWidth.Types:Number
plotOptions.histogram.binsNumber.Types:String,Number,function
series.histogram.baseSeries.Types:Number,String
tooltip.backgroundColor.Types:string
tooltip.headerShape.Types:string
tooltip.outside.Types:boolean
yAxis.labels.distance.Types:Number
annotations.controlPointOptions.positioner: function (target: Highcharts.Annotation): Highcharts.PositionObject
navigation.iconsURL: string
plotOptions.bar:Object
plotOptions.gauge.dataLabels:Object
plotOptions.item.marker:Object
plotOptions.scatter3d:Object
plotOptions.sunburst.traverseUpButton:Object
plotOptions.treemap.dataLabels:Object
plotOptions.variablepie:Object
series.dependencywheel.nodes.dataLabels:Object
series.venn.states.hover:Object
series.venn.states.select:Object
annotations.controlPointOptions.positioner.ReturnType:
colorAxis.Types:Object
exporting.formAttributes.Types:Object
navigation.iconsURL.Types:
plotOptions.bar.ReturnType:
plotOptions.bellcurve.Exclude:boostThreshold,connectNulls,stacking,pointInterval,pointIntervalUnit
plotOptions.cylinder.Exclude:allAreas,boostThreshold,colorAxis,compare,compareBase
plotOptions.funnel3d.height.Types:Number,String
plotOptions.funnel3d.neckHeight.Types:Number,String
plotOptions.funnel3d.neckWidth.Types:Number,String
plotOptions.funnel3d.width.Types:Number,String
plotOptions.gauge.Exclude:animationLimit,boostThreshold,connectEnds,connectNulls,cropThreshold,dashStyle,findNearestPointBy,getExtremesFromAll,marker,negativeColor,pointPlacement,shadow,softThreshold,stacking,states,step,threshold,turboThreshold,xAxis,zoneAxis,zones
plotOptions.gauge.dataLabels.ReturnType:Object
plotOptions.histogram.Exclude:boostThreshold,pointInterval,pointIntervalUnit,stacking
plotOptions.item.Exclude:borderColor,borderWidth,depth,dragDrop,linecap,shadow,slicedOffset
plotOptions.item.marker.ReturnType:Object
plotOptions.networkgraph.Exclude:boostThreshold,animation,animationLimit,connectEnds,connectNulls,dragDrop,getExtremesFromAll,label,linecap,negativeColor,pointInterval,pointIntervalUnit,pointPlacement,pointStart,softThreshold,stack,stacking,step,threshold,xAxis,yAxis,zoneAxis
plotOptions.pareto.Exclude:allAreas,boostThreshold,borderColor,borderRadius,borderWidth,crisp,colorAxis,depth,data,edgeColor,edgeWidth,findNearestPointBy,gapSize,gapUnit,grouping,groupPadding,groupZPadding,maxPointWidth,keys,negativeColor,pointInterval,pointIntervalUnit,pointPadding,pointPlacement,pointRange,pointStart,pointWidth,shadow,step,softThreshold,stacking,threshold,zoneAxis,zones
plotOptions.series.dataLabels.align.Types:String
plotOptions.series.dataLabels.formatter.Types:function
plotOptions.series.dataLabels.padding.Types:Number
plotOptions.series.dataLabels.style.color.Types:String
plotOptions.series.dataLabels.style.fontSize.Types:String
plotOptions.series.dataLabels.style.fontWeight.Types:String
plotOptions.series.dataLabels.style.textOutline.Types:String
plotOptions.series.dataLabels.verticalAlign.Types:String
plotOptions.series.dataLabels.x.Types:Number
plotOptions.series.dataLabels.y.Types:Number
plotOptions.sunburst.Exclude:allAreas,clip,colorAxis,compare,compareBase,dataGrouping,depth,endAngle,gapSize,gapUnit,ignoreHiddenPoint,innerSize,joinBy,legendType,linecap,minSize,navigatorOptions,pointRange
plotOptions.sunburst.traverseUpButton.ReturnType:Object
plotOptions.treemap.dataLabels.ReturnType:Object
plotOptions.wordcloud.Exclude:allAreas,boostThreshold,clip,colorAxis,compare,compareBase,crisp,cropTreshold,dataGrouping,dataLabels,depth,edgeColor,findNearestPointBy,getExtremesFromAll,grouping,groupPadding,groupZPadding,joinBy,maxPointWidth,minPointLength,navigatorOptions,negativeColor,pointInterval,pointIntervalUnit,pointPadding,pointPlacement,pointRange,pointStart,pointWidth,pointStart,pointWidth,shadow,showCheckbox,showInNavigator,softThreshold,stacking,threshold,zoneAxis,zones
series.dependencywheel.nodes.dataLabels.ReturnType:Object
series.funnel3d.data.gradientForSides.Types:boolean
series.pie.data.dataLabels.Types:Object
series.venn.states.hover.ReturnType:Object
series.venn.states.select.ReturnType:Object
accessibility.announceNewData.announcementFormatter.Types:function
accessibility.customComponents.Types:object
accessibility.highContrastTheme.Types:object
chart.panning.Types:boolean
chart.parallelAxes.Types:Object
colorAxis.labels.Types:Object
exporting.accessibility.Types:object
exporting.buttons.Types:Highcharts.Dictionary.<Highcharts.ExportingButtonsContextButtonOptions>
exporting.buttons.contextButton.Types:Object
legend.accessibility.Types:object
legend.bubbleLegend.ranges.value.Types:
pane.background.backgroundColor.Types:Highcharts.GradientColorObject
plotOptions.area.Types:Object
plotOptions.arearange.Types:Object
plotOptions.bellcurve.Types:Object
plotOptions.boxplot.Types:Object
plotOptions.bubble.Types:Object
plotOptions.bubble.marker.Types:Object
plotOptions.bullet.Types:Object
plotOptions.column.Types:Object
plotOptions.column.states.hover.Types:Object
plotOptions.column.states.select.Types:Object
plotOptions.columnrange.Types:Object
plotOptions.dependencywheel.Types:Object
plotOptions.errorbar.Types:Object
plotOptions.funnel.Types:Object
plotOptions.funnel3d.Types:Object
plotOptions.funnel3d.dataLabels.Types:string
plotOptions.gauge.Types:Object
plotOptions.heatmap.Types:Object
plotOptions.histogram.Types:Object
plotOptions.item.Types:Object
plotOptions.line.Types:Object
plotOptions.networkgraph.Types:Object
plotOptions.organization.Types:Object
plotOptions.organization.dataLabels.Types:Object
plotOptions.packedbubble.Types:Object
plotOptions.packedbubble.dataLabels.Types:Object
plotOptions.packedbubble.layoutAlgorithm.Types:Object
plotOptions.packedbubble.layoutAlgorithm.initialPositionRadius.Types:number
plotOptions.packedbubble.layoutAlgorithm.parentNodeOptions.Types:Object
plotOptions.packedbubble.layoutAlgorithm.parentNodeOptions.marker.Types:Object
plotOptions.pareto.Types:Object
plotOptions.pie.Types:Object
plotOptions.pie.states.hover.Types:Object
plotOptions.polygon.Types:Object
plotOptions.pyramid.Types:Object
plotOptions.pyramid3d.Types:Object
plotOptions.sankey.Types:Object
plotOptions.sankey.levels.dataLabels.Types:Highcharts.SeriesSankeyDataLabelsOptionsObject
plotOptions.sankey.levels.states.Types:Highcharts.PointStatesOptionsObject
plotOptions.scatter.Types:Object
plotOptions.scatter3d.Types:Object
plotOptions.series.accessibility.Types:object
plotOptions.series.accessibility.keyboardNavigation.Types:object
plotOptions.series.accessibility.pointDescriptionFormatter.Types:function
plotOptions.series.dragDrop.guideBox.Types:Highcharts.Dictionary.<Highcharts.PlotSeriesDragDropGuideBoxDefaultOptions>
plotOptions.series.states.select.Types:Object
plotOptions.series.tooltip.Exclude:animation,backgroundColor,borderColor,borderRadius,borderWidth,crosshairs,enabled,formatter,positioner,shadow,shape,shared,snap,style,useHTML
plotOptions.solidgauge.Types:Object
plotOptions.streamgraph.Types:Object
plotOptions.sunburst.Types:Object
plotOptions.sunburst.levels.borderDashStyle.Types:string
plotOptions.sunburst.levels.dataLabels.Types:object
plotOptions.tilemap.Types:Object
plotOptions.timeline.Types:Object
plotOptions.timeline.dataLabels.connectorColor.Types:String
plotOptions.timeline.dataLabels.formatter.Types:Highcharts.FormatterCallbackFunction.<object>
plotOptions.treegraph.dataLabels.linkTextPath:null
plotOptions.treemap.Types:Object
plotOptions.treemap.levels.borderDashStyle.Types:string
plotOptions.treemap.levels.dataLabels.Types:object
plotOptions.treemap.states.Types:Object
plotOptions.treemap.states.hover.Types:Object
plotOptions.variablepie.Types:Object
plotOptions.variwide.Types:Object
plotOptions.vector.Types:Object
plotOptions.venn.Types:Object
plotOptions.waterfall.Types:Object
plotOptions.windbarb.Types:Object
plotOptions.windbarb.dataGrouping.approximation.Types:String,function
plotOptions.wordcloud.Types:Object
plotOptions.xrange.Types:Object
series.area.Types:Object
series.arearange.Types:Object
series.arearange.data.dataLabels.Types:Object
series.areaspline.Types:Object
series.areasplinerange.Types:Object
series.bar.Types:Object
series.bellcurve.Types:Object
series.boxplot.Types:Object
series.bubble.Types:Object
series.bubble.data.Exclude:marker
series.bullet.Types:Object
series.column.Types:Object
series.columnpyramid.Types:Object
series.columnrange.Types:Object
series.columnrange.data.dataLabels.Types:Object
series.cylinder.Types:Object
series.dependencywheel.Types:Object
series.errorbar.Types:Object
series.funnel.Types:Object
series.funnel3d.Types:Object
series.gauge.Types:Object
series.heatmap.Types:Object
series.histogram.Types:Object
series.item.Types:Object
series.line.Types:Object
series.networkgraph.Types:Object
series.organization.Types:Object
series.pareto.Types:Object
series.pie.Types:Object
series.polygon.Types:Object
series.pyramid.Types:Object
series.pyramid3d.Types:Object
series.sankey.Types:Object
series.sankey.nodes.dataLabels.Types:Object
series.scatter.Types:Object
series.scatter3d.Types:Object
series.solidgauge.Types:Object
series.spline.Types:Object
series.streamgraph.Types:Object
series.sunburst.Types:Object
series.tilemap.Types:Object
series.timeline.Types:Object
series.treemap.Types:Object
series.variablepie.Types:Object
series.variwide.Types:Object
series.vector.Types:Object
series.venn.Types:Object
series.waterfall.Types:Object
series.windbarb.Types:Object
series.wordcloud.Types:Object
series.xrange.Types:Object
time.getTimezoneOffset.Types:function
xAxis.accessibility.Types:object
yAxis.labels.Types:Object
yAxis.stops.Types:Array.<Array.<number, Highcharts.ColorString>>
zAxis.Exclude:breaks,crosshair,lineColor,lineWidth,nameToX,showEmpty
annotations.controlPointOptions.Types:Annotation.ControlPoint.Options
annotations.controlPointOptions.positioner.Types:Highcharts.AnnotationControlPointPositionerFunction
annotations.draggable.Types:string
annotations.id.ReturnType:String
annotations.labels.point.xAxis.Types:number,string
annotations.labels.point.yAxis.Types:number,string
chart.parallelAxes.ReturnType:Object
colorAxis.labels.ReturnType:Object
exporting.accessibility.enabled.Types:boolean
exporting.buttons.contextButton.ReturnType:object
legend.accessibility.enabled.Types:boolean
legend.accessibility.keyboardNavigation.enabled.Types:boolean
navigation.bindings.Types:Highcharts.Dictionary.<Highcharts.StockToolsBindingsObject>,*
navigation.bindings.arrowInfinityLine.Types:Highcharts.StockToolsBindingsObject
navigation.bindings.arrowRay.Types:Highcharts.StockToolsBindingsObject
navigation.bindings.arrowSegment.Types:Highcharts.StockToolsBindingsObject
navigation.bindings.circleAnnotation.Types:Highcharts.StockToolsBindingsObject
navigation.bindings.crooked3.Types:Highcharts.StockToolsBindingsObject
navigation.bindings.crooked5.Types:Highcharts.StockToolsBindingsObject
navigation.bindings.currentPriceIndicator.Types:Highcharts.StockToolsBindingsObject
navigation.bindings.elliott3.Types:Highcharts.StockToolsBindingsObject
navigation.bindings.elliott5.Types:Highcharts.StockToolsBindingsObject
navigation.bindings.fibonacci.Types:Highcharts.StockToolsBindingsObject
navigation.bindings.flagCirclepin.Types:Highcharts.StockToolsBindingsObject
navigation.bindings.flagDiamondpin.Types:Highcharts.StockToolsBindingsObject
navigation.bindings.flagSimplepin.Types:Highcharts.StockToolsBindingsObject
navigation.bindings.flagSquarepin.Types:Highcharts.StockToolsBindingsObject
navigation.bindings.fullScreen.Types:Highcharts.StockToolsBindingsObject
navigation.bindings.horizontalLine.Types:Highcharts.StockToolsBindingsObject
navigation.bindings.indicators.Types:Highcharts.StockToolsBindingsObject
navigation.bindings.infinityLine.Types:Highcharts.StockToolsBindingsObject
navigation.bindings.labelAnnotation.Types:Highcharts.StockToolsBindingsObject
navigation.bindings.measureX.Types:Highcharts.StockToolsBindingsObject
navigation.bindings.measureXY.Types:Highcharts.StockToolsBindingsObject
navigation.bindings.measureY.Types:Highcharts.StockToolsBindingsObject
navigation.bindings.parallelChannel.Types:Highcharts.StockToolsBindingsObject
navigation.bindings.pitchfork.Types:Highcharts.StockToolsBindingsObject
navigation.bindings.ray.Types:Highcharts.StockToolsBindingsObject
navigation.bindings.rectangleAnnotation.Types:Highcharts.StockToolsBindingsObject
navigation.bindings.saveChart.Types:Highcharts.StockToolsBindingsObject
navigation.bindings.segment.Types:Highcharts.StockToolsBindingsObject
navigation.bindings.seriesTypeCandlestick.Types:Highcharts.StockToolsBindingsObject
navigation.bindings.seriesTypeLine.Types:Highcharts.StockToolsBindingsObject
navigation.bindings.seriesTypeOhlc.Types:Highcharts.StockToolsBindingsObject
navigation.bindings.toggleAnnotations.Types:Highcharts.StockToolsBindingsObject
navigation.bindings.verticalArrow.Types:Highcharts.StockToolsBindingsObject
navigation.bindings.verticalCounter.Types:Highcharts.StockToolsBindingsObject
navigation.bindings.verticalLabel.Types:Highcharts.StockToolsBindingsObject
navigation.bindings.verticalLine.Types:Highcharts.StockToolsBindingsObject
navigation.bindings.zoomX.Types:Highcharts.StockToolsBindingsObject
navigation.bindings.zoomXY.Types:Highcharts.StockToolsBindingsObject
navigation.bindings.zoomY.Types:Highcharts.StockToolsBindingsObject
plotOptions.area.ReturnType:object
plotOptions.area.threshold.Types:number
plotOptions.arearange.ReturnType:object
plotOptions.bellcurve.ReturnType:object
plotOptions.boxplot.ReturnType:object
plotOptions.boxplot.medianWidth.Types:number
plotOptions.bubble.ReturnType:object
plotOptions.bubble.marker.ReturnType:object
plotOptions.bullet.Exclude:allAreas,boostThreshold,colorAxis,compare,compareBase
plotOptions.column.Exclude:connectNulls,gapSize,gapUnit,linecap,lineWidth,marker,connectEnds,step,useOhlcData
plotOptions.column.states.hover.ReturnType:object
plotOptions.column.states.select.ReturnType:object
plotOptions.column.threshold.Types:number
plotOptions.columnrange.ReturnType:object
plotOptions.dependencywheel.Exclude:
plotOptions.dumbbell.ReturnType:object
plotOptions.errorbar.ReturnType:object
plotOptions.funnel.Exclude:innerSize,size
plotOptions.funnel3d.Exclude:allAreas,boostThreshold,colorAxis,compare,compareBase
plotOptions.heatmap.ReturnType:object
plotOptions.histogram.ReturnType:object
plotOptions.item.ReturnType:object
plotOptions.line.ReturnType:object
plotOptions.lollipop.ReturnType:object
plotOptions.networkgraph.dataLabels.linkTextPath.ReturnType:object
plotOptions.organization.Exclude:allowPointSelect,curveFactor
plotOptions.packedbubble.layoutAlgorithm.ReturnType:object
plotOptions.packedbubble.layoutAlgorithm.parentNodeOptions.ReturnType:object
plotOptions.packedbubble.layoutAlgorithm.parentNodeOptions.marker.ReturnType:object
plotOptions.pareto.ReturnType:object
plotOptions.pie.ReturnType:object
plotOptions.pie.states.hover.ReturnType:object
plotOptions.polygon.ReturnType:object
plotOptions.pyramid.ReturnType:object
plotOptions.pyramid3d.Exclude:neckHeight,neckWidth
plotOptions.sankey.levels.dataLabels.ReturnType:object
plotOptions.sankey.levels.states.ReturnType:object
plotOptions.scatter.ReturnType:object
plotOptions.scatter.cluster.dataLabels.Types:Highcharts.DataLabelsOptionsObject,Object
plotOptions.scatter.cluster.zones.marker.ReturnType:object
plotOptions.scatter3d.ReturnType:object
plotOptions.series.states.select.ReturnType:object
plotOptions.solidgauge.ReturnType:object
plotOptions.streamgraph.ReturnType:object
plotOptions.sunburst.ReturnType:object
plotOptions.sunburst.dataLabels.rotationMode.Values:auto,perpendicular,parallel
plotOptions.sunburst.levels.dataLabels.ReturnType:object
plotOptions.timeline.Exclude:animationLimit,boostThreshold,connectEnds,connectNulls,cropThreshold,dashStyle,findNearestPointBy,getExtremesFromAll,lineWidth,negativeColor,pointInterval,pointIntervalUnit,pointPlacement,pointStart,softThreshold,stacking,step,threshold,turboThreshold,zoneAxis,zones
plotOptions.treemap.levels.dataLabels.ReturnType:object
plotOptions.treemap.states.ReturnType:object
plotOptions.treemap.states.hover.ReturnType:object
plotOptions.variablepie.ReturnType:object
plotOptions.variwide.ReturnType:object
plotOptions.vector.ReturnType:object
plotOptions.waterfall.ReturnType:object
plotOptions.windbarb.ReturnType:object
plotOptions.xrange.Exclude:boostThreshold,crisp,cropThreshold,depth,edgeColor,edgeWidth,findNearestPointBy,getExtremesFromAll,negativeColor,pointInterval,pointIntervalUnit,pointPlacement,pointRange,pointStart,softThreshold,stacking,threshold,data
series.area.ReturnType:object
series.arearange.ReturnType:object
series.arearange.data.dataLabels.ReturnType:object
series.areaspline.Exclude:dataParser,dataURL
series.areasplinerange.Exclude:dataParser,dataURL,stack
series.bar.ReturnType:object
series.bellcurve.ReturnType:object
series.boxplot.ReturnType:object
series.bubble.ReturnType:object
series.bubble.data.marker.ReturnType:object
series.bullet.Exclude:dataParser,dataURL,marker
series.column.ReturnType:object
series.columnpyramid.ReturnType:object
series.columnrange.ReturnType:object
series.columnrange.data.dataLabels.ReturnType:object
series.cylinder.ReturnType:object
series.dependencywheel.Exclude:object
series.errorbar.ReturnType:object
series.funnel.Exclude:dataParser,dataURL,stack,xAxis,yAxis
series.funnel3d.ReturnType:object
series.gauge.Exclude:animationLimit,boostThreshold,connectEnds,connectNulls,cropThreshold,dashStyle,dataParser,dataURL,findNearestPointBy,getExtremesFromAll,marker,negativeColor,pointPlacement,shadow,softThreshold,stack,stacking,states,step,threshold,turboThreshold,zoneAxis,zones
series.heatmap.ReturnType:object
series.histogram.ReturnType:object
series.item.Exclude:dataParser,dataURL,stack,xAxis,yAxis
series.line.ReturnType:object
series.line.data.dataLabels.ReturnType:object
series.networkgraph.Exclude:boostThreshold,animation,animationLimit,connectEnds,connectNulls,dragDrop,getExtremesFromAll,label,linecap,negativeColor,pointInterval,pointIntervalUnit,pointPlacement,pointStart,softThreshold,stack,stacking,step,threshold,xAxis,yAxis,zoneAxis
series.organization.Exclude:
series.packedbubble.Exclude:dataParser,dataURL,stack
series.pareto.ReturnType:object
series.pie.Exclude:dataParser,dataURL,stack,xAxis,yAxis
series.polygon.ReturnType:object
series.pyramid.Exclude:dataParser,dataURL,stack,xAxis,yAxis
series.pyramid3d.Exclude:allAreas,boostThreshold,colorAxis,compare,compareBase
series.sankey.nodes.dataLabels.ReturnType:object
series.scatter.ReturnType:object
series.scatter3d.ReturnType:object
series.solidgauge.Exclude:animationLimit,boostThreshold,connectEnds,connectNulls,cropThreshold,dashStyle,dataParser,dataURL,dial,findNearestPointBy,getExtremesFromAll,marker,negativeColor,pointPlacement,pivot,shadow,softThreshold,stack,stacking,states,step,threshold,turboThreshold,wrap,zoneAxis,zones
series.spline.ReturnType:object
series.streamgraph.Exclude:dataParser,dataURL
series.sunburst.Exclude:dataParser,dataURL,stack
series.tilemap.Exclude:allAreas,dataParser,dataURL,joinBy,mapData,marker,pointRange,shadow,stack
series.timeline.Exclude:animationLimit,boostThreshold,connectEnds,connectNulls,cropThreshold,dashStyle,dataParser,dataURL,findNearestPointBy,getExtremesFromAll,lineWidth,negativeColor,pointInterval,pointIntervalUnit,pointPlacement,pointStart,softThreshold,stacking,stack,step,threshold,turboThreshold,zoneAxis,zones
series.treemap.Exclude:dataParser,dataURL,stack
series.variablepie.Exclude:dataParser,dataURL,stack,xAxis,yAxis
series.variwide.ReturnType:object
series.vector.ReturnType:object
series.venn.Exclude:connectEnds,connectNulls,cropThreshold,dataParser,dataURL,findNearestPointBy,getExtremesFromAll,label,linecap,lineWidth,linkedTo,marker,negativeColor,pointInterval,pointIntervalUnit,pointPlacement,pointStart,softThreshold,stack,stacking,steps,threshold,xAxis,yAxis,zoneAxis,zones
series.waterfall.ReturnType:object
series.windbarb.ReturnType:object
series.windbarb.data.value.Types:number
series.wordcloud.Exclude:object
series.xrange.Exclude:boostThreshold,crisp,cropThreshold,depth,edgeColor,edgeWidth,findNearestPointBy,getExtremesFromAll,negativeColor,pointInterval,pointIntervalUnit,pointPlacement,pointRange,pointStart,softThreshold,stacking,threshold
tooltip.clusterFormat.ReturnType:object
yAxis.labels.ReturnType:object
navigation.annotationsOptions.Exclude:crookedLine,elliottWave,fibonacci,infinityLine,measure,pitchfork,tunnel,verticalLine
series.heatmap.Exclude:dataParser,dataURL,marker,pointRange,stack
series.heatmap.data.Exclude:marker
plotOptions.column.dataLabels.y.Types:number
series.funnel3d.Extends:series,plotOptions.funnel3d
series.pyramid3d.Extends:series,plotOptions.pyramid3d
plotOptions.boxplot.Exclude:borderColor,borderRadius,borderWidth,groupZPadding,boostThreshold,boostBlending
series.boxplot.Exclude:dataParser,dataURL,marker,stack,stacking,boostThreshold,boostBlending
annotations.labels.point.Types:string,*
annotations.shapes.point.Types:string,*
series.lollipop.Extends:series,plotOptions.lollipop
plotOptions.series.animation.Types:boolean,Partial.<Highcharts.AnimationOptionsObject>