accessibility.onTableAnchorClick.Types:function
accessibility.pointDateFormatter.Types:function
accessibility.pointDescriptionFormatter.Types:function
accessibility.pointDescriptionThreshold.Types:boolean,number
accessibility.screenReaderSectionFormatter.Types:function
accessibility.seriesDescriptionFormatter.Types:function
annotations.labelOptions.align.Types:string
annotations.labelOptions.backgroundColor.Types:string
annotations.labelOptions.verticalAlign.Types:string
annotations.shapeOptions.fill.Types:string
chart.backgroundColor.Types:string
chart.events.addSeries.Types:function
chart.events.afterPrint.Types:function
chart.events.beforePrint.Types:function
chart.events.click.Types:function
chart.events.load.Types:function
chart.events.redraw.Types:function
chart.events.render.Types:function
chart.options3d.frame.back.ReturnType:Object
chart.options3d.frame.bottom.color.Types:string
chart.options3d.frame.front.ReturnType:Object
chart.options3d.frame.left.ReturnType:Object
chart.options3d.frame.right.ReturnType:Object
chart.options3d.frame.side.color.Types:string
chart.options3d.frame.top.ReturnType:Object
chart.resetZoomButton.position.Types:Object
chart.resetZoomButton.position.verticalAlign.Types:string
chart.resetZoomButton.relativeTo.Types:string
chart.resetZoomButton.theme.Types:Object
chart.type.Values:null,line,spline,column,bar,area,areaspline,pie,arearange,areasplinerange,boxplot,bubble,columnrange,errorbar,funnel,gauge,heatmap,polygon,pyramid,scatter,solidgauge,treemap,waterfall
colorAxis.dataClasses.color.Types:string
colorAxis.marker.color.Types:string
colorAxis.type.Types:string
credits.position.Types:Object
credits.position.align.Types:string
credits.position.verticalAlign.Types:string
drilldown.drillUpButton.position.Types:Object
drilldown.drillUpButton.position.align.Types:string
drilldown.drillUpButton.position.verticalAlign.Types:string
drilldown.drillUpButton.relativeTo.Types:string
exporting.buttons.contextButton.symbol.Types:string
exporting.type.Types:string
legend.align.Types:string
legend.bubbleLegend.labels.align.Types:string
legend.bubbleLegend.labels.formatter.Types:function
legend.bubbleLegend.ranges.value.ReturnType:number
legend.bubbleLegend.sizeBy.Types:string
legend.labelFormatter.ReturnType:function
legend.verticalAlign.Types:string
legend.width.Types:number
navigation.buttonOptions.symbolFill.Types:string
navigation.buttonOptions.theme.fill.Types:string
noData.position.Types:Object
noData.position.align.Types:string
noData.position.verticalAlign.Types:string
pane.background.shape.Types:string
plotOptions.area.fillColor.Types:string
plotOptions.area.negativeFillColor.Types:string
plotOptions.arearange.dataLabels.Types:Object
plotOptions.areaspline.ReturnType:Object
plotOptions.areasplinerange.ReturnType:Object
plotOptions.bar.Types:Object
plotOptions.boxplot.fillColor.Types:string
plotOptions.boxplot.stemDashStyle.Types:string
plotOptions.bubble.dataLabels.Types:Object
plotOptions.bubble.marker.symbol.Types:string
plotOptions.bubble.negativeColor.Types:string
plotOptions.bubble.sizeBy.Types:string
plotOptions.bullet.targetOptions.color.Types:string
plotOptions.column.colors.Types:Array.<string>
plotOptions.column.dataLabels.Types:Object
plotOptions.columnpyramid.ReturnType:Object
plotOptions.columnrange.dataLabels.ReturnType:Object
plotOptions.columnrange.states.hover.ReturnType:Object
plotOptions.cylinder.ReturnType:Object
plotOptions.errorbar.color.Types:string
plotOptions.funnel.dataLabels.Types:Object
plotOptions.funnel.states.hover.ReturnType:Object
plotOptions.funnel.states.select.color.Types:string
plotOptions.gauge.dataLabels.Types:Object
plotOptions.gauge.dial.backgroundColor.Types:string
plotOptions.gauge.pivot.backgroundColor.Types:string
plotOptions.heatmap.Exclude:animationLimit,connectEnds,connectNulls,dashStyle,findNearestPointBy,getExtremesFromAll,linecap,lineWidth,marker,pointInterval,pointIntervalUnit,pointRange,pointStart,shadow,softThreshold,stacking,step,threshold
plotOptions.heatmap.color.Types:string
plotOptions.heatmap.dataLabels.Types:Object
plotOptions.heatmap.nullColor.Types:string
plotOptions.line.linecap.Types:string
plotOptions.networkgraph.dataLabels.Types:Object
plotOptions.networkgraph.layoutAlgorithm.initialPositions.Types:String,function
plotOptions.networkgraph.link.dashStyle.Types:String
plotOptions.packedbubble.Exclude:connectEnds,connectNulls,keys,sizeByAbsoluteValue,step,zMax,zMin
plotOptions.pie.Exclude:animationLimit,boostThreshold,connectEnds,connectNulls,cropThreshold,dashStyle,findNearestPointBy,getExtremesFromAll,lineWidth,marker,negativeColor,pointInterval,pointIntervalUnit,pointPlacement,pointStart,softThreshold,stacking,step,threshold,turboThreshold,zoneAxis,zones,dataLabels
plotOptions.pie.colors.Types:Array.<string>
plotOptions.pie.dataLabels.Types:Object
plotOptions.pie.point.events.legendItemClick.Types:function
plotOptions.polygon.Exclude:softThreshold,threshold
plotOptions.sankey.Exclude:animationLimit,boostThreshold,borderColor,borderRadius,borderWidth,crisp,cropThreshold,depth,edgeColor,edgeWidth,findNearestPointBy,grouping,groupPadding,groupZPadding,maxPointWidth,negativeColor,pointInterval,pointIntervalUnit,pointPadding,pointPlacement,pointRange,pointStart,pointWidth,shadow,softThreshold,stacking,threshold,zoneAxis,zones
plotOptions.sankey.dataLabels.Types:Object
plotOptions.sankey.tooltip.nodeFormatter.Types:function
plotOptions.series.cursor.Types:string
plotOptions.series.dashStyle.Types:string
plotOptions.series.dataLabels.Types:Object
plotOptions.series.dragDrop.dragHandle.color.Types:string
plotOptions.series.dragDrop.guideBox.default.color.Types:string
plotOptions.series.events.hide.Types:function
plotOptions.series.events.legendItemClick.Types:function
plotOptions.series.events.mouseOut.Types:function
plotOptions.series.events.mouseOver.Types:function
plotOptions.series.events.show.Types:function
plotOptions.series.linecap.Types:string
plotOptions.series.point.events.mouseOut.Types:function
plotOptions.series.point.events.mouseOver.Types:function
plotOptions.series.point.events.remove.Types:function
plotOptions.series.point.events.select.Types:function
plotOptions.series.point.events.unselect.Types:function
plotOptions.series.point.events.update.Types:function
plotOptions.series.states.hover.halo.Types:Object
plotOptions.series.states.hover.marker.ReturnType:Object
plotOptions.series.tooltip.ReturnType:Object
plotOptions.series.zones.color.Types:string
plotOptions.series.zones.dashStyle.Types:string
plotOptions.spline.ReturnType:Object
plotOptions.sunburst.dataLabels.Types:Object
plotOptions.sunburst.levels.color.Types:string
plotOptions.tilemap.Exclude:joinBy,shadow,allAreas,mapData,data
plotOptions.tilemap.tileShape.Types:string
plotOptions.treemap.Exclude:marker
plotOptions.treemap.colors.Types:Array.<string>
plotOptions.treemap.dataLabels.Types:Object
plotOptions.treemap.drillUpButton.position.align.Types:string
plotOptions.treemap.drillUpButton.position.verticalAlign.Types:string
plotOptions.treemap.levels.color.Types:string
plotOptions.variablepie.sizeBy.Types:string
plotOptions.vector.Exclude:boostThreshold,marker,connectEnds,connectNulls,cropThreshold,dashStyle,gapSize,gapUnit,dataGrouping,linecap,shadow,stacking,step
plotOptions.venn.Exclude:connectEnds,connectNulls,cropThreshold,findNearestPointBy,getExtremesFromAll,label,linecap,lineWidth,linkedTo,marker,negativeColor,pointInterval,pointIntervalUnit,pointPlacement,pointStart,softThreshold,stacking,steps,threshold,xAxis,yAxis,zoneAxis,zones
plotOptions.venn.dataLabels.Types:Object
plotOptions.waterfall.dashStyle.Types:string
plotOptions.waterfall.dataLabels.Types:Object
plotOptions.waterfall.upColor.Types:string,Highcharts.GradientColorObject
plotOptions.windbarb.Exclude:boostThreshold,marker,connectEnds,connectNulls,cropThreshold,dashStyle,gapSize,gapUnit,dataGrouping,linecap,shadow,stacking,step
plotOptions.xrange.dataLabels.Types:Object
series.area.data.Types:Array.<(number|Array.<(number|string), number>|*)>
series.arearange.dataLabels.ReturnType:Object
series.areaspline.data.Types:Array.<(number|Array.<(number|string), number>|*)>
series.bar.data.Types:Array.<(number|Array.<(number|string), number>|*)>
series.bar.states.hover.ReturnType:Object
series.bar.states.select.ReturnType:Object
series.bubble.marker.ReturnType:Object
series.bullet.data.targetOptions.ReturnType:Object
series.bullet.states.hover.ReturnType:Object
series.bullet.states.select.ReturnType:Object
series.column.Exclude:connectNulls,dashStyle,dataParser,dataURL,gapSize,gapUnit,linecap,lineWidth,marker,connectEnds,step
series.column.data.Types:Array.<(number|Array.<(number|string), number>|*)>
series.column.data.pointWidth.Types:Number
series.column.states.hover.ReturnType:Object
series.column.states.select.ReturnType:Object
series.columnpyramid.data.Types:Array.<(number|Array.<(number|string), number>|*)>
series.columnpyramid.states.hover.ReturnType:Object
series.columnpyramid.states.select.ReturnType:Object
series.columnrange.states.hover.ReturnType:Object
series.columnrange.states.select.ReturnType:Object
series.cylinder.data.Types:Array.<(number|Array.<(number|string), number>|*)>
series.funnel.data.Types:Array.<(number|*)>
series.gauge.data.Types:Array.<(number|*)>
series.heatmap.data.color.Types:string
series.line.data.Types:Array.<(number|Array.<(number|string), number>|*)>
series.line.data.dataLabels.Types:Object
series.line.data.dragDrop.ReturnType:Object
series.line.data.events.ReturnType:Object
series.line.data.marker.ReturnType:Object
series.line.data.y.Types:number
series.networkgraph.data.from.Types:String
series.networkgraph.data.to.Types:String
series.networkgraph.data.weight.Types:Number
series.packedbubble.data.Types:Array.<(number|*)>
series.packedbubble.marker.ReturnType:Object
series.pie.data.Types:Array.<(number|Array.<string, number>|*)>
series.pie.events.ReturnType:Object
series.polygon.data.Types:Array.<(number|Array.<(number|string), number>|*)>
series.pyramid.data.Types:Array.<(number|*)>
series.sankey.Exclude:animationLimit,boostThreshold,borderColor,borderRadius,borderWidth,crisp,cropThreshold,dataParser,dataURL,depth,edgeColor,edgeWidth,findNearestPointBy,grouping,groupPadding,groupZPadding,maxPointWidth,negativeColor,pointInterval,pointIntervalUnit,pointPadding,pointPlacement,pointRange,pointStart,pointWidth,shadow,softThreshold,stacking,threshold,zoneAxis,zones
series.sankey.data.Exclude:drilldown,marker,x,y
series.sankey.data.color.Types:string
series.sankey.data.weight.Types:number
series.sankey.nodes.color.Types:string
series.sankey.nodes.offset.Types:number
series.scatter.data.Types:Array.<(number|Array.<(number|string), number>|*)>
series.solidgauge.data.Types:Array.<(number|*)>
series.spline.data.Types:Array.<(number|Array.<(number|string), number>|*)>
series.streamgraph.data.Types:Array.<(number|Array.<(number|string), number>|*)>
series.sunburst.data.Types:Array.<(number|*)>
series.sunburst.data.value.Types:number
series.tilemap.data.color.Types:string
series.treemap.data.Types:Array.<(number|*)>
series.treemap.data.value.Types:number
series.waterfall.data.Types:Array.<(number|Array.<(number|string), number>|*)>
series.xrange.data.partialFill.fill.Types:string
subtitle.align.Types:string
subtitle.verticalAlign.Types:string
title.align.Types:string
title.verticalAlign.Types:string
tooltip.formatter.Types:function
tooltip.pointFormatter.Types:function
tooltip.positioner.Types:function
tooltip.shape.Types:string
xAxis.crosshair.dashStyle.Types:string
xAxis.events.afterSetExtremes.Types:function
xAxis.gridLineDashStyle.Types:string
xAxis.labels.align.Types:string
xAxis.labels.autoRotation.Types:Array.<number>
xAxis.labels.overflow.Types:boolean,string
xAxis.max.Types:number
xAxis.min.Types:number
xAxis.minorGridLineDashStyle.Types:string
xAxis.plotBands.color.Types:string
xAxis.plotBands.events.ReturnType:Object
xAxis.plotBands.label.align.Types:string
xAxis.plotBands.label.textAlign.Types:string
xAxis.plotBands.label.verticalAlign.Types:string
xAxis.plotLines.dashStyle.Types:string
xAxis.plotLines.label.align.Types:string
xAxis.plotLines.label.textAlign.Types:string
xAxis.plotLines.label.verticalAlign.Types:string
xAxis.tickWidth.Types:number
xAxis.title.align.Types:string
xAxis.title.textAlign.Types:string
xAxis.type.Types:string
yAxis.labels.align.Types:string
yAxis.max.Types:number
yAxis.min.Types:number
yAxis.stackLabels.align.Types:string
yAxis.stackLabels.formatter.Types:function
yAxis.stackLabels.textAlign.Types:string
yAxis.stackLabels.verticalAlign.Types:string
yAxis.type.Types:string
