accessibility.onTableAnchorClick.Types:function
accessibility.pointDateFormatter.Types:function
accessibility.pointDescriptionFormatter.Types:function
accessibility.pointDescriptionThreshold.Types:false,number
accessibility.screenReaderSectionFormatter.Types:function
accessibility.seriesDescriptionFormatter.Types:function
annotations.crookedLine.controlPointOptions.events.drag.ReturnType:
annotations.crookedLine.controlPointOptions.positioner.ReturnType:
annotations.crookedLine.labelOptions.align.Types:string
annotations.crookedLine.labelOptions.overflow.Values:none,justify
annotations.crookedLine.labelOptions.verticalAlign.Types:string
annotations.elliottWave.typeOptions.labels.ReturnType:
annotations.fibonacci.typeOptions.backgroundColors.ReturnType:
annotations.fibonacci.typeOptions.lineColors.ReturnType:
annotations.infinityLine.ReturnType:
annotations.labelOptions.align.Types:string
annotations.labelOptions.backgroundColor.Types:Highcharts.ColorString,Highcharts.GradientColorObject
annotations.labelOptions.verticalAlign.Types:string
annotations.measure.controlPointOptions.events.drag.ReturnType:
annotations.measure.controlPointOptions.positioner.ReturnType:
annotations.measure.typeOptions.background.stroke.ReturnType:
annotations.measure.typeOptions.crosshairX.dashStyle.Types:string
annotations.measure.typeOptions.crosshairY.dashStyle.Types:string
annotations.shapeOptions.fill.Types:Highcharts.ColorString,Highcharts.GradientColorObject
annotations.tunnel.controlPointOptions.events.drag.ReturnType:
annotations.tunnel.typeOptions.heightControlPoint.events.drag.ReturnType:
annotations.tunnel.typeOptions.heightControlPoint.positioner.ReturnType:
annotations.verticalLine.typeOptions.label.point.ReturnType:
chart.backgroundColor.Types:Highcharts.ColorString
chart.events.addSeries.Types:function
chart.events.afterPrint.Types:function
chart.events.beforePrint.Types:function
chart.events.click.Types:function
chart.events.load.Types:function
chart.events.redraw.Types:function
chart.events.render.Types:function
chart.resetZoomButton.position.Types:Object
chart.resetZoomButton.position.verticalAlign.Types:string
chart.resetZoomButton.relativeTo.Types:string
chart.resetZoomButton.theme.Types:Object
chart.type.Values:null,line,spline,column,bar,area,areaspline,pie,arearange,areasplinerange,boxplot,bubble,columnrange,errorbar,funnel,gauge,heatmap,polygon,pyramid,scatter,solidgauge,treemap,waterfall
credits.position.Types:Object
credits.position.align.Types:string
credits.position.verticalAlign.Types:string
drilldown.drillUpButton.position.Types:Object
drilldown.drillUpButton.position.align.Types:string
drilldown.drillUpButton.position.verticalAlign.Types:string
drilldown.drillUpButton.relativeTo.Types:string
exporting.buttons.contextButton.symbol.Types:string
exporting.type.Types:string
legend.align.Types:string
legend.bubbleLegend.labels.align.Types:string
legend.bubbleLegend.labels.formatter.Types:Highcharts.FormatterCallbackFunction.<Highcharts.LegendBubbleLegendFormatterContextObject>
legend.bubbleLegend.ranges.value.ReturnType:
legend.bubbleLegend.sizeBy.Types:string
legend.labelFormatter.ReturnType:
legend.verticalAlign.Types:string
legend.width.Types:number
navigation.buttonOptions.symbolFill.Types:Highcharts.ColorString
navigation.buttonOptions.theme.fill.Types:Highcharts.ColorString
navigator.handles.backgroundColor.Types:Highcharts.ColorString
navigator.maskFill.Types:Highcharts.ColorString
navigator.series.dataGrouping.units.ReturnType:
navigator.series.dataLabels.Types:Object
noData.position.Types:Object
noData.position.align.Types:string
noData.position.verticalAlign.Types:string
plotOptions.area.fillColor.Types:Highcharts.ColorString
plotOptions.area.negativeFillColor.Types:Highcharts.ColorString
plotOptions.arearange.dataLabels.Types:Object
plotOptions.areaspline.ReturnType:
plotOptions.areasplinerange.ReturnType:
plotOptions.bubble.dataLabels.Types:Object
plotOptions.bubble.marker.symbol.Types:string
plotOptions.bubble.negativeColor.Types:Highcharts.ColorString,Highcharts.GradientColorObject
plotOptions.bubble.sizeBy.Types:string
plotOptions.candlestick.dataGrouping.approximation.Types:string,function
plotOptions.candlestick.tooltip.ReturnType:
plotOptions.candlestick.upColor.Types:Highcharts.ColorString
plotOptions.column.colors.Types:Array.<Highcharts.ColorString>
plotOptions.column.dataLabels.Types:Object
plotOptions.columnpyramid.ReturnType:
plotOptions.columnrange.dataLabels.ReturnType:
plotOptions.columnrange.states.hover.ReturnType:
plotOptions.dema.ReturnType:
plotOptions.errorbar.color.Types:Highcharts.ColorString,Highcharts.GradientColorObject
plotOptions.flags.fillColor.Types:Highcharts.ColorString,Highcharts.GradientColorObject
plotOptions.flags.shape.Types:string
plotOptions.flags.states.hover.fillColor.Types:Highcharts.ColorString,Highcharts.GradientColorObject
plotOptions.keltnerchannels.bottomLine.styles.lineColor.ReturnType:
plotOptions.keltnerchannels.topLine.styles.lineColor.ReturnType:
plotOptions.line.linecap.Types:string
plotOptions.linearregressionintercept.ReturnType:
plotOptions.linearregressionslope.ReturnType:
plotOptions.macd.macdLine.zones.ReturnType:
plotOptions.macd.signalLine.zones.ReturnType:
plotOptions.ohlc.upColor.Types:Highcharts.ColorString
plotOptions.pivotpoints.dataLabels.Types:Object
plotOptions.polygon.Exclude:softThreshold,threshold
plotOptions.series.cursor.Types:string,Highcharts.CursorType
plotOptions.series.dashStyle.Types:string
plotOptions.series.dataGrouping.approximation.Types:string
plotOptions.series.dataLabels.Types:Object
plotOptions.series.dragDrop.dragHandle.color.Types:Highcharts.ColorString
plotOptions.series.dragDrop.guideBox.default.color.Types:Highcharts.ColorString
plotOptions.series.events.hide.Types:function
plotOptions.series.events.legendItemClick.Types:function
plotOptions.series.events.mouseOut.Types:function
plotOptions.series.events.mouseOver.Types:function
plotOptions.series.events.show.Types:function
plotOptions.series.linecap.Types:string
plotOptions.series.point.events.mouseOut.Types:function
plotOptions.series.point.events.mouseOver.Types:function
plotOptions.series.point.events.remove.Types:function
plotOptions.series.point.events.select.Types:function
plotOptions.series.point.events.unselect.Types:function
plotOptions.series.point.events.update.Types:function
plotOptions.series.states.hover.halo.Types:Object
plotOptions.series.states.hover.marker.ReturnType:
plotOptions.series.tooltip.ReturnType:
plotOptions.series.zones.color.Types:Highcharts.ColorString
plotOptions.series.zones.dashStyle.Types:string
plotOptions.sma.Exclude:allAreas,colorAxis,compare,compareBase,joinBy,keys,navigatorOptions,pointInterval,pointIntervalUnit,pointPlacement,pointRange,pointStart,showInNavigator,stacking,useOhlcData
plotOptions.spline.ReturnType:
plotOptions.supertrend.Exclude:allAreas,color,negativeColor,colorAxis,joinBy,keys,navigatorOptions,pointInterval,pointIntervalUnit,pointPlacement,pointRange,pointStart,showInNavigator,stacking,threshold
plotOptions.supertrend.changeTrendLine.styles.dashStyle.Types:string
plotOptions.tema.ReturnType:
plotOptions.trix.ReturnType:
plotOptions.vbp.dataLabels.Types:Object
plotOptions.vector.Exclude:boostThreshold,marker,connectEnds,connectNulls,cropThreshold,dashStyle,gapSize,gapUnit,dataGrouping,linecap,shadow,stacking,step
plotOptions.windbarb.Exclude:boostThreshold,marker,connectEnds,connectNulls,cropThreshold,dashStyle,gapSize,gapUnit,dataGrouping,linecap,shadow,stacking,step
plotOptions.xrange.dataLabels.Types:Object
rangeSelector.buttonPosition.align.Types:string
rangeSelector.buttonTheme.Types:Object
rangeSelector.buttons.type.Types:string
rangeSelector.inputPosition.align.Types:string
rangeSelector.verticalAlign.Types:string
scrollbar.barBackgroundColor.Types:Highcharts.ColorString
scrollbar.buttonArrowColor.Types:Highcharts.ColorString
scrollbar.buttonBackgroundColor.Types:Highcharts.ColorString
scrollbar.rifleColor.Types:Highcharts.ColorString
scrollbar.trackBackgroundColor.Types:Highcharts.ColorString
series.abands.ReturnType:
series.ad.ReturnType:
series.ao.ReturnType:
series.apo.ReturnType:
series.area.data.Types:Array.<(number|Array.<(number|string), number>|*)>
series.arearange.dataLabels.ReturnType:
series.areaspline.data.Types:Array.<(number|Array.<(number|string), number>|*)>
series.aroon.ReturnType:
series.aroonoscillator.ReturnType:
series.atr.ReturnType:
series.bb.ReturnType:
series.bubble.marker.ReturnType:
series.cci.ReturnType:
series.chaikin.ReturnType:
series.cmf.ReturnType:
series.column.Exclude:connectNulls,dataParser,dataURL,gapSize,gapUnit,linecap,lineWidth,marker,connectEnds,step
series.column.data.Types:Array.<(number|Array.<(number|string), number>|*)>
series.column.data.pointWidth.Types:Number
series.column.states.hover.ReturnType:
series.column.states.select.ReturnType:
series.columnpyramid.data.Types:Array.<(number|Array.<(number|string), number>|*)>
series.columnpyramid.states.hover.ReturnType:
series.columnpyramid.states.select.ReturnType:
series.columnrange.states.hover.ReturnType:
series.columnrange.states.select.ReturnType:
series.dema.ReturnType:
series.dpo.ReturnType:
series.ema.ReturnType:
series.ikh.ReturnType:
series.keltnerchannels.ReturnType:
series.line.data.Types:Array.<(number|Array.<(number|string), number>|*)>
series.line.data.dataLabels.Types:Highcharts.PlotSeriesDataLabelsOptions
series.line.data.dragDrop.ReturnType:
series.line.data.events.ReturnType:
series.line.data.marker.ReturnType:
series.line.data.y.Types:number
series.linearregression.ReturnType:
series.linearregressionangle.ReturnType:
series.linearregressionintercept.ReturnType:
series.linearregressionslope.ReturnType:
series.macd.ReturnType:
series.mfi.ReturnType:
series.momentum.ReturnType:
series.natr.ReturnType:
series.packedbubble.data.Types:Array.<(number|*)>
series.packedbubble.marker.ReturnType:
series.pc.ReturnType:
series.pivotpoints.ReturnType:
series.polygon.data.Types:Array.<(number|Array.<(number|string), number>|*)>
series.ppo.ReturnType:
series.priceenvelopes.ReturnType:
series.psar.ReturnType:
series.roc.ReturnType:
series.rsi.ReturnType:
series.scatter.data.Types:Array.<(number|Array.<(number|string), number>|*)>
series.sma.ReturnType:
series.spline.data.Types:Array.<(number|Array.<(number|string), number>|*)>
series.stochastic.ReturnType:
series.streamgraph.data.Types:Array.<(number|Array.<(number|string), number>|*)>
series.supertrend.Exclude:allAreas,color,colorAxis,data,dataParser,dataURL,joinBy,keys,navigatorOptions,negativeColor,pointInterval,pointIntervalUnit,pointPlacement,pointRange,pointStart,showInNavigator,stacking,threshold
series.tema.ReturnType:
series.trix.ReturnType:
series.vbp.ReturnType:
series.vwap.ReturnType:
series.williamsr.ReturnType:
series.wma.ReturnType:
series.xrange.data.partialFill.fill.Types:Highcharts.ColorString
series.zigzag.ReturnType:
subtitle.align.Types:string
subtitle.verticalAlign.Types:string
title.align.Types:string
title.verticalAlign.Types:string
tooltip.formatter.Types:Highcharts.FormatterCallbackFunction.<Highcharts.TooltipFormatterContextObject>
tooltip.pointFormatter.Types:function
tooltip.positioner.Types:function
tooltip.shape.Types:string
xAxis.crosshair.dashStyle.Types:string
xAxis.crosshair.label.align.Types:string
xAxis.crosshair.label.formatter.Types:Highcharts.FormatterCallbackFunction.<object>
xAxis.events.afterSetExtremes.Types:Highcharts.AxisEventCallbackFunction
xAxis.gridLineDashStyle.Types:string
xAxis.labels.align.Types:string
xAxis.labels.autoRotation.Types:Array.<number>
xAxis.labels.overflow.Types:boolean,string
xAxis.max.Types:number
xAxis.min.Types:number
xAxis.minorGridLineDashStyle.Types:string
xAxis.plotBands.color.Types:Highcharts.ColorString
xAxis.plotBands.events.ReturnType:
xAxis.plotBands.label.align.Types:string
xAxis.plotBands.label.textAlign.Types:string
xAxis.plotBands.label.verticalAlign.Types:string
xAxis.plotLines.dashStyle.Types:string
xAxis.plotLines.label.align.Types:string
xAxis.plotLines.label.textAlign.Types:string
xAxis.plotLines.label.verticalAlign.Types:string
xAxis.scrollbar.ReturnType:
xAxis.tickWidth.Types:number
xAxis.title.align.Types:string
xAxis.title.textAlign.Types:string
yAxis.labels.align.Types:string
yAxis.max.Types:number
yAxis.min.Types:number
annotations.crookedLine.Exclude:labels,shapes
annotations.crookedLine.controlPointOptions.Types:Object
annotations.crookedLine.labelOptions.Types:Object
annotations.crookedLine.shapeOptions.Types:Object
annotations.crookedLine.typeOptions.points.Types:Array.<Object>
annotations.fibonacci.typeOptions.labels.Types:Array.<Object>
annotations.shapes.points.Types:Array.<*>
chart.height.ReturnType:Number
chart.plotBackgroundColor.Types:string
chart.width.Types:number
plotOptions.columnrange.dataLabels.Types:Object
tooltip.backgroundColor.Types:string
tooltip.headerShape.Types:string
tooltip.outside.Types:boolean
accessibility.announceNewData.announcementFormatter.Types:function
accessibility.customComponents.Types:object
accessibility.highContrastTheme.Types:object
annotations.controlPointOptions.positioner.ReturnType:
annotations.crookedLine.labelOptions.ReturnType:
annotations.crookedLine.shapeOptions.ReturnType:
annotations.elliottWave.Types:Object
annotations.elliottWave.typeOptions.points.label.ReturnType:
annotations.fibonacci.Types:Object
annotations.measure.Types:Object
annotations.measure.typeOptions.background.stroke.Types:
annotations.pitchfork.Types:Object
annotations.pitchfork.typeOptions.innerBackground.Types:Object
annotations.pitchfork.typeOptions.outerBackground.Types:Object
annotations.tunnel.Types:Object
annotations.tunnel.controlPointOptions.Types:Object
annotations.tunnel.typeOptions.heightControlPoint.Types:Object
annotations.verticalLine.Types:Object
annotations.verticalLine.typeOptions.connector.Types:Object
annotations.verticalLine.typeOptions.label.Types:Object
chart.panning.Types:boolean
exporting.accessibility.Types:object
exporting.buttons.Types:Highcharts.Dictionary.<Highcharts.ExportingButtonsContextButtonOptions>
exporting.buttons.contextButton.Types:Object
exporting.formAttributes.Types:Object
legend.accessibility.Types:object
legend.bubbleLegend.ranges.value.Types:
navigation.iconsURL.Types:
navigator.series.Types:Highcharts.SeriesOptionsType,Object
navigator.series.dataGrouping.Types:Object
navigator.series.pointRange.Types:number
navigator.xAxis.Types:Object
navigator.yAxis.Types:Object
plotOptions.abands.Types:Object
plotOptions.ad.Types:Object
plotOptions.ao.Types:Object
plotOptions.apo.Types:Object
plotOptions.area.Types:Object
plotOptions.arearange.Types:Object
plotOptions.aroon.Types:Object
plotOptions.aroonoscillator.Types:Object
plotOptions.atr.Types:Object
plotOptions.bb.Types:Object
plotOptions.bb.topLine.Types:Object
plotOptions.bubble.Types:Object
plotOptions.bubble.marker.Types:Object
plotOptions.candlestick.Types:Object
plotOptions.candlestick.states.hover.Types:Object
plotOptions.cci.Types:Object
plotOptions.chaikin.Types:Object
plotOptions.cmf.Types:Object
plotOptions.column.Types:Object
plotOptions.column.states.hover.Types:Object
plotOptions.column.states.select.Types:Object
plotOptions.columnrange.Types:Object
plotOptions.dpo.Types:Object
plotOptions.ema.Types:Object
plotOptions.errorbar.Types:Object
plotOptions.flags.Types:Object
plotOptions.flags.states.hover.Types:Object
plotOptions.flags.tooltip.Types:Object
plotOptions.ikh.Types:Object
plotOptions.keltnerchannels.Types:Object
plotOptions.keltnerchannels.bottomLine.styles.lineColor.Types:
plotOptions.keltnerchannels.topLine.Types:Object
plotOptions.line.Types:Object
plotOptions.linearregression.Types:Object
plotOptions.linearregressionangle.Types:Object
plotOptions.macd.Types:Object
plotOptions.mfi.Types:Object
plotOptions.momentum.Types:Object
plotOptions.natr.Types:Object
plotOptions.ohlc.Types:Object
plotOptions.ohlc.states.hover.Types:Object
plotOptions.pc.Types:Object
plotOptions.pivotpoints.Types:Object
plotOptions.polygon.Types:Object
plotOptions.ppo.Types:Object
plotOptions.priceenvelopes.Types:Object
plotOptions.priceenvelopes.topLine.Types:Object
plotOptions.psar.Types:Object
plotOptions.roc.Types:Object
plotOptions.rsi.Types:Object
plotOptions.scatter.Types:Object
plotOptions.series.accessibility.Types:object
plotOptions.series.accessibility.keyboardNavigation.Types:object
plotOptions.series.accessibility.pointDescriptionFormatter.Types:function
plotOptions.series.dataLabels.align.Types:string
plotOptions.series.dataLabels.formatter.Types:string
plotOptions.series.dataLabels.verticalAlign.Types:string
plotOptions.series.dragDrop.guideBox.Types:Highcharts.Dictionary.<Highcharts.PlotSeriesDragDropGuideBoxDefaultOptions>
plotOptions.series.states.select.Types:Object
plotOptions.series.tooltip.Exclude:animation,backgroundColor,borderColor,borderRadius,borderWidth,crosshairs,enabled,formatter,positioner,shadow,shape,shared,snap,style,useHTML
plotOptions.sma.Types:Object
plotOptions.stochastic.Types:Object
plotOptions.streamgraph.Types:Object
plotOptions.supertrend.Types:Object
plotOptions.supertrend.fallingTrendColor.Types:Highcharts.ColorString
plotOptions.supertrend.risingTrendColor.Types:Highcharts.ColorString
plotOptions.trendline.Types:Object
plotOptions.vbp.Types:Object
plotOptions.vector.Types:Object
plotOptions.vwap.Types:Object
plotOptions.williamsr.Types:Object
plotOptions.windbarb.Types:Object
plotOptions.windbarb.dataGrouping.approximation.Types:String,function
plotOptions.wma.Types:Object
plotOptions.xrange.Types:Object
plotOptions.zigzag.Types:Object
series.area.Types:Object
series.arearange.Types:Object
series.arearange.data.dataLabels.Types:Object
series.areaspline.Types:Object
series.areasplinerange.Types:Object
series.bubble.Types:Object
series.bubble.data.Exclude:marker
series.column.Types:Object
series.columnpyramid.Types:Object
series.columnrange.Types:Object
series.columnrange.data.dataLabels.Types:Object
series.flags.Types:Object
series.line.Types:Object
series.ohlc.Types:Object
series.polygon.Types:Object
series.scatter.Types:Object
series.spline.Types:Object
series.streamgraph.Types:Object
series.trendline.ReturnType:
series.vector.Types:Object
series.windbarb.Types:Object
series.xrange.Types:Object
stockTools.gui.buttons.Types:array
stockTools.gui.definitions.Types:object
stockTools.gui.iconsURL.ReturnType:
time.getTimezoneOffset.Types:function
xAxis.accessibility.Types:object
yAxis.labels.Types:Object
yAxis.maxLength.Types:String,Number
yAxis.minLength.Types:Number,String
yAxis.resize.controlledAxis.next.Types:Array.<(String|Number)>
yAxis.resize.controlledAxis.prev.Types:Array.<(String|Number)>
yAxis.resize.lineColor.Types:Color
yAxis.scrollbar.Types:Object
annotations.controlPointOptions.Types:Annotation.ControlPoint.Options
annotations.controlPointOptions.positioner.Types:Highcharts.AnnotationControlPointPositionerFunction
annotations.draggable.Types:string
annotations.id.ReturnType:String
annotations.labels.point.xAxis.Types:number,string
annotations.labels.point.yAxis.Types:number,string
chart.parallelAxes.ReturnType:Object
colorAxis.labels.ReturnType:Object
exporting.accessibility.enabled.Types:boolean
exporting.buttons.contextButton.ReturnType:object
legend.accessibility.enabled.Types:boolean
legend.accessibility.keyboardNavigation.enabled.Types:boolean
navigation.bindings.Types:Highcharts.Dictionary.<Highcharts.StockToolsBindingsObject>,*
navigation.bindings.arrowInfinityLine.Types:Highcharts.StockToolsBindingsObject
navigation.bindings.arrowRay.Types:Highcharts.StockToolsBindingsObject
navigation.bindings.arrowSegment.Types:Highcharts.StockToolsBindingsObject
navigation.bindings.circleAnnotation.Types:Highcharts.StockToolsBindingsObject
navigation.bindings.crooked3.Types:Highcharts.StockToolsBindingsObject
navigation.bindings.crooked5.Types:Highcharts.StockToolsBindingsObject
navigation.bindings.currentPriceIndicator.Types:Highcharts.StockToolsBindingsObject
navigation.bindings.elliott3.Types:Highcharts.StockToolsBindingsObject
navigation.bindings.elliott5.Types:Highcharts.StockToolsBindingsObject
navigation.bindings.fibonacci.Types:Highcharts.StockToolsBindingsObject
navigation.bindings.flagCirclepin.Types:Highcharts.StockToolsBindingsObject
navigation.bindings.flagDiamondpin.Types:Highcharts.StockToolsBindingsObject
navigation.bindings.flagSimplepin.Types:Highcharts.StockToolsBindingsObject
navigation.bindings.flagSquarepin.Types:Highcharts.StockToolsBindingsObject
navigation.bindings.fullScreen.Types:Highcharts.StockToolsBindingsObject
navigation.bindings.horizontalLine.Types:Highcharts.StockToolsBindingsObject
navigation.bindings.indicators.Types:Highcharts.StockToolsBindingsObject
navigation.bindings.infinityLine.Types:Highcharts.StockToolsBindingsObject
navigation.bindings.labelAnnotation.Types:Highcharts.StockToolsBindingsObject
navigation.bindings.measureX.Types:Highcharts.StockToolsBindingsObject
navigation.bindings.measureXY.Types:Highcharts.StockToolsBindingsObject
navigation.bindings.measureY.Types:Highcharts.StockToolsBindingsObject
navigation.bindings.parallelChannel.Types:Highcharts.StockToolsBindingsObject
navigation.bindings.pitchfork.Types:Highcharts.StockToolsBindingsObject
navigation.bindings.ray.Types:Highcharts.StockToolsBindingsObject
navigation.bindings.rectangleAnnotation.Types:Highcharts.StockToolsBindingsObject
navigation.bindings.saveChart.Types:Highcharts.StockToolsBindingsObject
navigation.bindings.segment.Types:Highcharts.StockToolsBindingsObject
navigation.bindings.seriesTypeCandlestick.Types:Highcharts.StockToolsBindingsObject
navigation.bindings.seriesTypeLine.Types:Highcharts.StockToolsBindingsObject
navigation.bindings.seriesTypeOhlc.Types:Highcharts.StockToolsBindingsObject
navigation.bindings.toggleAnnotations.Types:Highcharts.StockToolsBindingsObject
navigation.bindings.verticalArrow.Types:Highcharts.StockToolsBindingsObject
navigation.bindings.verticalCounter.Types:Highcharts.StockToolsBindingsObject
navigation.bindings.verticalLabel.Types:Highcharts.StockToolsBindingsObject
navigation.bindings.verticalLine.Types:Highcharts.StockToolsBindingsObject
navigation.bindings.zoomX.Types:Highcharts.StockToolsBindingsObject
navigation.bindings.zoomXY.Types:Highcharts.StockToolsBindingsObject
navigation.bindings.zoomY.Types:Highcharts.StockToolsBindingsObject
plotOptions.area.ReturnType:object
plotOptions.area.threshold.Types:number
plotOptions.arearange.ReturnType:object
plotOptions.bellcurve.ReturnType:object
plotOptions.boxplot.ReturnType:object
plotOptions.boxplot.medianWidth.Types:number
plotOptions.bubble.ReturnType:object
plotOptions.bubble.marker.ReturnType:object
plotOptions.bullet.Exclude:allAreas,boostThreshold,colorAxis,compare,compareBase
plotOptions.column.Exclude:connectNulls,gapSize,gapUnit,linecap,lineWidth,marker,connectEnds,step,useOhlcData
plotOptions.column.states.hover.ReturnType:object
plotOptions.column.states.select.ReturnType:object
plotOptions.column.threshold.Types:number
plotOptions.columnrange.ReturnType:object
plotOptions.dependencywheel.Exclude:
plotOptions.dumbbell.ReturnType:object
plotOptions.errorbar.ReturnType:object
plotOptions.funnel.Exclude:innerSize,size
plotOptions.funnel3d.Exclude:allAreas,boostThreshold,colorAxis,compare,compareBase
plotOptions.heatmap.ReturnType:object
plotOptions.histogram.ReturnType:object
plotOptions.item.ReturnType:object
plotOptions.line.ReturnType:object
plotOptions.lollipop.ReturnType:object
plotOptions.networkgraph.dataLabels.linkTextPath.ReturnType:object
plotOptions.organization.Exclude:allowPointSelect,curveFactor
plotOptions.packedbubble.layoutAlgorithm.ReturnType:object
plotOptions.packedbubble.layoutAlgorithm.parentNodeOptions.ReturnType:object
plotOptions.packedbubble.layoutAlgorithm.parentNodeOptions.marker.ReturnType:object
plotOptions.pareto.ReturnType:object
plotOptions.pie.ReturnType:object
plotOptions.pie.states.hover.ReturnType:object
plotOptions.polygon.ReturnType:object
plotOptions.pyramid.ReturnType:object
plotOptions.pyramid3d.Exclude:neckHeight,neckWidth
plotOptions.sankey.levels.dataLabels.ReturnType:object
plotOptions.sankey.levels.states.ReturnType:object
plotOptions.scatter.ReturnType:object
plotOptions.scatter.cluster.dataLabels.Types:Highcharts.DataLabelsOptionsObject,Object
plotOptions.scatter.cluster.zones.marker.ReturnType:object
plotOptions.scatter3d.ReturnType:object
plotOptions.series.states.select.ReturnType:object
plotOptions.solidgauge.ReturnType:object
plotOptions.streamgraph.ReturnType:object
plotOptions.sunburst.ReturnType:object
plotOptions.sunburst.dataLabels.rotationMode.Values:auto,perpendicular,parallel
plotOptions.sunburst.levels.dataLabels.ReturnType:object
plotOptions.timeline.Exclude:animationLimit,boostThreshold,connectEnds,connectNulls,cropThreshold,dashStyle,findNearestPointBy,getExtremesFromAll,lineWidth,negativeColor,pointInterval,pointIntervalUnit,pointPlacement,pointStart,softThreshold,stacking,step,threshold,turboThreshold,zoneAxis,zones
plotOptions.treemap.levels.dataLabels.ReturnType:object
plotOptions.treemap.states.ReturnType:object
plotOptions.treemap.states.hover.ReturnType:object
plotOptions.variablepie.ReturnType:object
plotOptions.variwide.ReturnType:object
plotOptions.vector.ReturnType:object
plotOptions.waterfall.ReturnType:object
plotOptions.windbarb.ReturnType:object
plotOptions.xrange.Exclude:boostThreshold,crisp,cropThreshold,depth,edgeColor,edgeWidth,findNearestPointBy,getExtremesFromAll,negativeColor,pointInterval,pointIntervalUnit,pointPlacement,pointRange,pointStart,softThreshold,stacking,threshold,data
series.area.ReturnType:object
series.arearange.ReturnType:object
series.arearange.data.dataLabels.ReturnType:object
series.areaspline.Exclude:dataParser,dataURL
series.areasplinerange.Exclude:dataParser,dataURL,stack
series.bar.ReturnType:object
series.bellcurve.ReturnType:object
series.boxplot.ReturnType:object
series.bubble.ReturnType:object
series.bubble.data.marker.ReturnType:object
series.bullet.Exclude:dataParser,dataURL,marker
series.column.ReturnType:object
series.columnpyramid.ReturnType:object
series.columnrange.ReturnType:object
series.columnrange.data.dataLabels.ReturnType:object
series.cylinder.ReturnType:object
series.dependencywheel.Exclude:object
series.errorbar.ReturnType:object
series.funnel.Exclude:dataParser,dataURL,stack,xAxis,yAxis
series.funnel3d.ReturnType:object
series.gauge.Exclude:animationLimit,boostThreshold,connectEnds,connectNulls,cropThreshold,dashStyle,dataParser,dataURL,findNearestPointBy,getExtremesFromAll,marker,negativeColor,pointPlacement,shadow,softThreshold,stack,stacking,states,step,threshold,turboThreshold,zoneAxis,zones
series.heatmap.ReturnType:object
series.histogram.ReturnType:object
series.item.Exclude:dataParser,dataURL,stack,xAxis,yAxis
series.line.ReturnType:object
series.line.data.dataLabels.ReturnType:object
series.networkgraph.Exclude:boostThreshold,animation,animationLimit,connectEnds,connectNulls,dragDrop,getExtremesFromAll,label,linecap,negativeColor,pointInterval,pointIntervalUnit,pointPlacement,pointStart,softThreshold,stack,stacking,step,threshold,xAxis,yAxis,zoneAxis
series.organization.Exclude:
series.packedbubble.Exclude:dataParser,dataURL,stack
series.pareto.ReturnType:object
series.pie.Exclude:dataParser,dataURL,stack,xAxis,yAxis
series.polygon.ReturnType:object
series.pyramid.Exclude:dataParser,dataURL,stack,xAxis,yAxis
series.pyramid3d.Exclude:allAreas,boostThreshold,colorAxis,compare,compareBase
series.sankey.nodes.dataLabels.ReturnType:object
series.scatter.ReturnType:object
series.scatter3d.ReturnType:object
series.solidgauge.Exclude:animationLimit,boostThreshold,connectEnds,connectNulls,cropThreshold,dashStyle,dataParser,dataURL,dial,findNearestPointBy,getExtremesFromAll,marker,negativeColor,pointPlacement,pivot,shadow,softThreshold,stack,stacking,states,step,threshold,turboThreshold,wrap,zoneAxis,zones
series.spline.ReturnType:object
series.streamgraph.Exclude:dataParser,dataURL
series.sunburst.Exclude:dataParser,dataURL,stack
series.tilemap.Exclude:allAreas,dataParser,dataURL,joinBy,mapData,marker,pointRange,shadow,stack
series.timeline.Exclude:animationLimit,boostThreshold,connectEnds,connectNulls,cropThreshold,dashStyle,dataParser,dataURL,findNearestPointBy,getExtremesFromAll,lineWidth,negativeColor,pointInterval,pointIntervalUnit,pointPlacement,pointStart,softThreshold,stacking,stack,step,threshold,turboThreshold,zoneAxis,zones
series.treemap.Exclude:dataParser,dataURL,stack
series.variablepie.Exclude:dataParser,dataURL,stack,xAxis,yAxis
series.variwide.ReturnType:object
series.vector.ReturnType:object
series.venn.Exclude:connectEnds,connectNulls,cropThreshold,dataParser,dataURL,findNearestPointBy,getExtremesFromAll,label,linecap,lineWidth,linkedTo,marker,negativeColor,pointInterval,pointIntervalUnit,pointPlacement,pointStart,softThreshold,stack,stacking,steps,threshold,xAxis,yAxis,zoneAxis,zones
series.waterfall.ReturnType:object
series.windbarb.ReturnType:object
series.windbarb.data.value.Types:number
series.wordcloud.Exclude:object
series.xrange.Exclude:boostThreshold,crisp,cropThreshold,depth,edgeColor,edgeWidth,findNearestPointBy,getExtremesFromAll,negativeColor,pointInterval,pointIntervalUnit,pointPlacement,pointRange,pointStart,softThreshold,stacking,threshold
tooltip.clusterFormat.ReturnType:object
yAxis.labels.ReturnType:object
annotations.elliottWave.ReturnType:object
annotations.fibonacci.ReturnType:object
annotations.measure.ReturnType:object
annotations.pitchfork.ReturnType:object
annotations.pitchfork.typeOptions.innerBackground.ReturnType:object
annotations.pitchfork.typeOptions.outerBackground.ReturnType:object
annotations.tunnel.ReturnType:object
annotations.tunnel.controlPointOptions.ReturnType:object
annotations.tunnel.typeOptions.heightControlPoint.ReturnType:object
annotations.verticalLine.ReturnType:object
annotations.verticalLine.typeOptions.connector.ReturnType:object
annotations.verticalLine.typeOptions.label.ReturnType:object
navigator.series.dataGrouping.ReturnType:object
navigator.series.dataLabels.ReturnType:object
navigator.xAxis.ReturnType:object
navigator.yAxis.ReturnType:object
plotOptions.abands.ReturnType:object
plotOptions.ad.ReturnType:object
plotOptions.ao.ReturnType:object
plotOptions.apo.ReturnType:object
plotOptions.aroon.ReturnType:object
plotOptions.aroonoscillator.ReturnType:object
plotOptions.atr.ReturnType:object
plotOptions.bb.ReturnType:object
plotOptions.bb.topLine.ReturnType:object
plotOptions.candlestick.ReturnType:object
plotOptions.candlestick.states.hover.ReturnType:object
plotOptions.cci.ReturnType:object
plotOptions.chaikin.ReturnType:object
plotOptions.cmf.ReturnType:object
plotOptions.dpo.ReturnType:object
plotOptions.ema.ReturnType:object
plotOptions.flags.ReturnType:object
plotOptions.flags.states.hover.ReturnType:object
plotOptions.flags.tooltip.ReturnType:object
plotOptions.ikh.ReturnType:object
plotOptions.keltnerchannels.ReturnType:object
plotOptions.keltnerchannels.topLine.ReturnType:object
plotOptions.linearregression.ReturnType:object
plotOptions.linearregressionangle.ReturnType:object
plotOptions.macd.ReturnType:object
plotOptions.mfi.ReturnType:object
plotOptions.momentum.ReturnType:object
plotOptions.natr.ReturnType:object
plotOptions.ohlc.ReturnType:object
plotOptions.ohlc.states.hover.ReturnType:object
plotOptions.pc.ReturnType:object
plotOptions.pivotpoints.ReturnType:object
plotOptions.ppo.ReturnType:object
plotOptions.priceenvelopes.ReturnType:object
plotOptions.priceenvelopes.topLine.ReturnType:object
plotOptions.psar.ReturnType:object
plotOptions.roc.ReturnType:object
plotOptions.rsi.ReturnType:object
plotOptions.slowstochastic.ReturnType:object
plotOptions.sma.ReturnType:object
plotOptions.stochastic.ReturnType:object
plotOptions.supertrend.ReturnType:object
plotOptions.trendline.ReturnType:object
plotOptions.vbp.ReturnType:object
plotOptions.vwap.ReturnType:object
plotOptions.williamsr.ReturnType:object
plotOptions.wma.ReturnType:object
plotOptions.zigzag.ReturnType:object
series.flags.Exclude:dataParser,dataURL
series.ohlc.ReturnType:object
series.slowstochastic.ReturnType:object
series.supertrend.ReturnType:object
yAxis.scrollbar.ReturnType:object
navigation.annotationsOptions.Exclude:crookedLine,elliottWave,fibonacci,infinityLine,measure,pitchfork,tunnel,verticalLine
plotOptions.column.dataLabels.y.Types:number
series.dema.Extends:series,plotOptions.dema
series.keltnerchannels.Extends:series,plotOptions.keltnerchannels
series.tema.Extends:series,plotOptions.tema
series.trix.Extends:series,plotOptions.trix
annotations.labels.point.Types:string,*
annotations.shapes.point.Types:string,*
series.lollipop.Extends:series,plotOptions.lollipop
plotOptions.series.animation.Types:boolean,Partial.<Highcharts.AnimationOptionsObject>