accessibility.onTableAnchorClick.Types:function
accessibility.pointDateFormatter.Types:function
accessibility.pointDescriptionFormatter.Types:function
accessibility.pointDescriptionThreshold.Types:false,number
accessibility.screenReaderSectionFormatter.Types:function
accessibility.seriesDescriptionFormatter.Types:function
annotations.crookedLine.controlPointOptions.events.drag.ReturnType:
annotations.crookedLine.controlPointOptions.positioner.ReturnType:
annotations.crookedLine.labelOptions.align.Types:string
annotations.crookedLine.labelOptions.overflow.Values:none,justify
annotations.crookedLine.labelOptions.verticalAlign.Types:string
annotations.elliottWave.typeOptions.labels.ReturnType:
annotations.fibonacci.typeOptions.backgroundColors.ReturnType:
annotations.fibonacci.typeOptions.lineColors.ReturnType:
annotations.infinityLine.ReturnType:
annotations.labelOptions.align.Types:string
annotations.labelOptions.backgroundColor.Types:Highcharts.ColorString,Highcharts.GradientColorObject
annotations.labelOptions.verticalAlign.Types:string
annotations.measure.controlPointOptions.events.drag.ReturnType:
annotations.measure.controlPointOptions.positioner.ReturnType:
annotations.measure.typeOptions.background.stroke.ReturnType:
annotations.measure.typeOptions.crosshairX.dashStyle.Types:string
annotations.measure.typeOptions.crosshairY.dashStyle.Types:string
annotations.shapeOptions.fill.Types:Highcharts.ColorString,Highcharts.GradientColorObject
annotations.tunnel.controlPointOptions.events.drag.ReturnType:
annotations.tunnel.typeOptions.heightControlPoint.events.drag.ReturnType:
annotations.tunnel.typeOptions.heightControlPoint.positioner.ReturnType:
annotations.verticalLine.typeOptions.label.point.ReturnType:
chart.backgroundColor.Types:Highcharts.ColorString
chart.events.addSeries.Types:function
chart.events.afterPrint.Types:function
chart.events.beforePrint.Types:function
chart.events.click.Types:function
chart.events.load.Types:function
chart.events.redraw.Types:function
chart.events.render.Types:function
chart.resetZoomButton.position.Types:Object
chart.resetZoomButton.position.verticalAlign.Types:string
chart.resetZoomButton.relativeTo.Types:string
chart.resetZoomButton.theme.Types:Object
chart.type.Values:null,line,spline,column,bar,area,areaspline,pie,arearange,areasplinerange,boxplot,bubble,columnrange,errorbar,funnel,gauge,heatmap,polygon,pyramid,scatter,solidgauge,treemap,waterfall
credits.position.Types:Object
credits.position.align.Types:string
credits.position.verticalAlign.Types:string
drilldown.drillUpButton.position.Types:Object
drilldown.drillUpButton.position.align.Types:string
drilldown.drillUpButton.position.verticalAlign.Types:string
drilldown.drillUpButton.relativeTo.Types:string
exporting.buttons.contextButton.symbol.Types:string
exporting.type.Types:string
legend.align.Types:string
legend.bubbleLegend.labels.align.Types:string
legend.bubbleLegend.labels.formatter.Types:Highcharts.FormatterCallbackFunction.<Highcharts.LegendBubbleLegendFormatterContextObject>
legend.bubbleLegend.ranges.value.ReturnType:
legend.bubbleLegend.sizeBy.Types:string
legend.labelFormatter.ReturnType:
legend.verticalAlign.Types:string
legend.width.Types:number
navigation.buttonOptions.symbolFill.Types:Highcharts.ColorString
navigation.buttonOptions.theme.fill.Types:Highcharts.ColorString
navigator.handles.backgroundColor.Types:Highcharts.ColorString
navigator.maskFill.Types:Highcharts.ColorString
navigator.series.dataGrouping.units.ReturnType:
navigator.series.dataLabels.Types:Object
noData.position.Types:Object
noData.position.align.Types:string
noData.position.verticalAlign.Types:string
plotOptions.area.fillColor.Types:Highcharts.ColorString
plotOptions.area.negativeFillColor.Types:Highcharts.ColorString
plotOptions.arearange.dataLabels.Types:Object
plotOptions.areaspline.ReturnType:
plotOptions.areasplinerange.ReturnType:
plotOptions.bubble.dataLabels.Types:Object
plotOptions.bubble.marker.symbol.Types:string
plotOptions.bubble.negativeColor.Types:Highcharts.ColorString,Highcharts.GradientColorObject
plotOptions.bubble.sizeBy.Types:string
plotOptions.candlestick.dataGrouping.approximation.Types:string,function
plotOptions.candlestick.tooltip.ReturnType:
plotOptions.candlestick.upColor.Types:Highcharts.ColorString
plotOptions.column.colors.Types:Array.<Highcharts.ColorString>
plotOptions.column.dataLabels.Types:Object
plotOptions.columnpyramid.ReturnType:
plotOptions.columnrange.dataLabels.ReturnType:
plotOptions.columnrange.states.hover.ReturnType:
plotOptions.dema.ReturnType:
plotOptions.errorbar.color.Types:Highcharts.ColorString,Highcharts.GradientColorObject
plotOptions.flags.fillColor.Types:Highcharts.ColorString,Highcharts.GradientColorObject
plotOptions.flags.shape.Types:string
plotOptions.flags.states.hover.fillColor.Types:Highcharts.ColorString,Highcharts.GradientColorObject
plotOptions.keltnerchannels.bottomLine.styles.lineColor.ReturnType:
plotOptions.keltnerchannels.topLine.styles.lineColor.ReturnType:
plotOptions.line.linecap.Types:string
plotOptions.linearregressionintercept.ReturnType:
plotOptions.linearregressionslope.ReturnType:
plotOptions.macd.macdLine.zones.ReturnType:
plotOptions.macd.signalLine.zones.ReturnType:
plotOptions.ohlc.upColor.Types:Highcharts.ColorString
plotOptions.pivotpoints.dataLabels.Types:Object
plotOptions.polygon.Exclude:softThreshold,threshold
plotOptions.series.cursor.Types:string,Highcharts.CursorType
plotOptions.series.dashStyle.Types:string
plotOptions.series.dataGrouping.approximation.Types:string
plotOptions.series.dataLabels.Types:Object
plotOptions.series.dragDrop.dragHandle.color.Types:Highcharts.ColorString
plotOptions.series.dragDrop.guideBox.default.color.Types:Highcharts.ColorString
plotOptions.series.events.hide.Types:function
plotOptions.series.events.legendItemClick.Types:function
plotOptions.series.events.mouseOut.Types:function
plotOptions.series.events.mouseOver.Types:function
plotOptions.series.events.show.Types:function
plotOptions.series.linecap.Types:string
plotOptions.series.point.events.mouseOut.Types:function
plotOptions.series.point.events.mouseOver.Types:function
plotOptions.series.point.events.remove.Types:function
plotOptions.series.point.events.select.Types:function
plotOptions.series.point.events.unselect.Types:function
plotOptions.series.point.events.update.Types:function
plotOptions.series.states.hover.halo.Types:Object
plotOptions.series.states.hover.marker.ReturnType:
plotOptions.series.tooltip.ReturnType:
plotOptions.series.zones.color.Types:Highcharts.ColorString
plotOptions.series.zones.dashStyle.Types:string
plotOptions.sma.Exclude:allAreas,colorAxis,compare,compareBase,joinBy,keys,navigatorOptions,pointInterval,pointIntervalUnit,pointPlacement,pointRange,pointStart,showInNavigator,stacking,useOhlcData
plotOptions.spline.ReturnType:
plotOptions.supertrend.Exclude:allAreas,color,negativeColor,colorAxis,joinBy,keys,navigatorOptions,pointInterval,pointIntervalUnit,pointPlacement,pointRange,pointStart,showInNavigator,stacking,threshold
plotOptions.supertrend.changeTrendLine.styles.dashStyle.Types:string
plotOptions.tema.ReturnType:
plotOptions.trix.ReturnType:
plotOptions.vbp.dataLabels.Types:Object
plotOptions.vector.Exclude:boostThreshold,marker,connectEnds,connectNulls,cropThreshold,dashStyle,gapSize,gapUnit,dataGrouping,linecap,shadow,stacking,step
plotOptions.windbarb.Exclude:boostThreshold,marker,connectEnds,connectNulls,cropThreshold,dashStyle,gapSize,gapUnit,dataGrouping,linecap,shadow,stacking,step
plotOptions.xrange.dataLabels.Types:Object
rangeSelector.buttonPosition.align.Types:string
rangeSelector.buttonTheme.Types:Object
rangeSelector.buttons.type.Types:string
rangeSelector.inputPosition.align.Types:string
rangeSelector.verticalAlign.Types:string
scrollbar.barBackgroundColor.Types:Highcharts.ColorString
scrollbar.buttonArrowColor.Types:Highcharts.ColorString
scrollbar.buttonBackgroundColor.Types:Highcharts.ColorString
scrollbar.rifleColor.Types:Highcharts.ColorString
scrollbar.trackBackgroundColor.Types:Highcharts.ColorString
series.abands.ReturnType:
series.ad.ReturnType:
series.ao.ReturnType:
series.apo.ReturnType:
series.area.data.Types:Array.<(number|Array.<(number|string), number>|*)>
series.arearange.dataLabels.ReturnType:
series.areaspline.data.Types:Array.<(number|Array.<(number|string), number>|*)>
series.aroon.ReturnType:
series.aroonoscillator.ReturnType:
series.atr.ReturnType:
series.bb.ReturnType:
series.bubble.marker.ReturnType:
series.cci.ReturnType:
series.chaikin.ReturnType:
series.cmf.ReturnType:
series.column.Exclude:connectNulls,dashStyle,dataParser,dataURL,gapSize,gapUnit,linecap,lineWidth,marker,connectEnds,step
series.column.data.Types:Array.<(number|Array.<(number|string), number>|*)>
series.column.data.pointWidth.Types:Number
series.column.states.hover.ReturnType:
series.column.states.select.ReturnType:
series.columnpyramid.data.Types:Array.<(number|Array.<(number|string), number>|*)>
series.columnpyramid.states.hover.ReturnType:
series.columnpyramid.states.select.ReturnType:
series.columnrange.states.hover.ReturnType:
series.columnrange.states.select.ReturnType:
series.dema.ReturnType:
series.dpo.ReturnType:
series.ema.ReturnType:
series.ikh.ReturnType:
series.keltnerchannels.ReturnType:
series.line.data.Types:Array.<(number|Array.<(number|string), number>|*)>
series.line.data.dataLabels.Types:Highcharts.PlotSeriesDataLabelsOptions
series.line.data.dragDrop.ReturnType:
series.line.data.events.ReturnType:
series.line.data.marker.ReturnType:
series.line.data.y.Types:number
series.linearregression.ReturnType:
series.linearregressionangle.ReturnType:
series.linearregressionintercept.ReturnType:
series.linearregressionslope.ReturnType:
series.macd.ReturnType:
series.mfi.ReturnType:
series.momentum.ReturnType:
series.natr.ReturnType:
series.packedbubble.data.Types:Array.<(number|*)>
series.packedbubble.marker.ReturnType:
series.pc.ReturnType:
series.pivotpoints.ReturnType:
series.polygon.data.Types:Array.<(number|Array.<(number|string), number>|*)>
series.ppo.ReturnType:
series.priceenvelopes.ReturnType:
series.psar.ReturnType:
series.roc.ReturnType:
series.rsi.ReturnType:
series.scatter.data.Types:Array.<(number|Array.<(number|string), number>|*)>
series.sma.ReturnType:
series.spline.data.Types:Array.<(number|Array.<(number|string), number>|*)>
series.stochastic.ReturnType:
series.streamgraph.data.Types:Array.<(number|Array.<(number|string), number>|*)>
series.supertrend.Exclude:allAreas,color,colorAxis,data,dataParser,dataURL,joinBy,keys,navigatorOptions,negativeColor,pointInterval,pointIntervalUnit,pointPlacement,pointRange,pointStart,showInNavigator,stacking,threshold
series.tema.ReturnType:
series.trix.ReturnType:
series.vbp.ReturnType:
series.vwap.ReturnType:
series.williamsr.ReturnType:
series.wma.ReturnType:
series.xrange.data.partialFill.fill.Types:Highcharts.ColorString
series.zigzag.ReturnType:
subtitle.align.Types:string
subtitle.verticalAlign.Types:string
title.align.Types:string
title.verticalAlign.Types:string
tooltip.formatter.Types:Highcharts.FormatterCallbackFunction.<Highcharts.TooltipFormatterContextObject>
tooltip.pointFormatter.Types:function
tooltip.positioner.Types:function
tooltip.shape.Types:string
xAxis.crosshair.dashStyle.Types:string
xAxis.crosshair.label.align.Types:string
xAxis.crosshair.label.formatter.Types:Highcharts.FormatterCallbackFunction.<object>
xAxis.events.afterSetExtremes.Types:Highcharts.AxisEventCallbackFunction
xAxis.gridLineDashStyle.Types:string
xAxis.labels.align.Types:string
xAxis.labels.autoRotation.Types:Array.<number>
xAxis.labels.overflow.Types:boolean,string
xAxis.max.Types:number
xAxis.min.Types:number
xAxis.minorGridLineDashStyle.Types:string
xAxis.plotBands.color.Types:Highcharts.ColorString
xAxis.plotBands.events.ReturnType:
xAxis.plotBands.label.align.Types:string
xAxis.plotBands.label.textAlign.Types:string
xAxis.plotBands.label.verticalAlign.Types:string
xAxis.plotLines.dashStyle.Types:string
xAxis.plotLines.label.align.Types:string
xAxis.plotLines.label.textAlign.Types:string
xAxis.plotLines.label.verticalAlign.Types:string
xAxis.scrollbar.ReturnType:
xAxis.tickWidth.Types:number
xAxis.title.align.Types:string
xAxis.title.textAlign.Types:string
yAxis.labels.align.Types:string
yAxis.max.Types:number
yAxis.min.Types:number
